<?xml version="1.0" encoding="UTF-8"?>
<robot generator="Robot 3.2.2 (Python 3.9.1 on win32)" generated="20210216 17:36:44.652" rpa="false">
<suite id="s1" name="BooksTestCaseAPI" source="C:\Users\patri\Documents\BooksAPI\BooksTestCaseAPI.robot">
<kw name="Conectar na API" library="ResourcesAPI" type="setup">
<kw name="Create Session" library="RequestsLibrary">
<doc>Create Session: create a HTTP session to a server</doc>
<arguments>
<arg>fakeAPI</arg>
<arg>${URL_API}</arg>
</arguments>
<msg timestamp="20210216 17:36:44.841" level="INFO">Creating Session using : alias=fakeAPI, url=https://fakerestapi.azurewebsites.net/api/v1, headers={},                     cookies={}, auth=None, timeout=None, proxies=None, verify=False,                     debug=0 </msg>
<status status="PASS" starttime="20210216 17:36:44.841" endtime="20210216 17:36:44.842"></status>
</kw>
<kw name="Create Dictionary" library="BuiltIn">
<doc>Creates and returns a dictionary based on the given ``items``.</doc>
<arguments>
<arg>content-type=application/json</arg>
</arguments>
<assign>
<var>${HEADERS}</var>
</assign>
<msg timestamp="20210216 17:36:44.842" level="INFO">${HEADERS} = {'content-type': 'application/json'}</msg>
<status status="PASS" starttime="20210216 17:36:44.842" endtime="20210216 17:36:44.842"></status>
</kw>
<kw name="Set Suite Variable" library="BuiltIn">
<doc>Makes a variable available everywhere within the scope of the current suite.</doc>
<arguments>
<arg>${HEADERS}</arg>
</arguments>
<msg timestamp="20210216 17:36:44.843" level="INFO">${HEADERS} = {'content-type': 'application/json'}</msg>
<status status="PASS" starttime="20210216 17:36:44.842" endtime="20210216 17:36:44.843"></status>
</kw>
<status status="PASS" starttime="20210216 17:36:44.841" endtime="20210216 17:36:44.843"></status>
</kw>
<test id="s1-t1" name="Buscar a lista com todos os livros">
<kw name="Requisitar todos os livros" library="ResourcesAPI">
<kw name="Get On Session" library="RequestsLibrary">
<doc>Sends a GET request on a previously created HTTP Session.</doc>
<arguments>
<arg>fakeAPI</arg>
<arg>Books</arg>
</arguments>
<assign>
<var>${RESPOSTA}</var>
</assign>
<msg timestamp="20210216 17:36:48.971" level="INFO">GET Request : url=https://fakerestapi.azurewebsites.net/api/v1/Books 
 path_url=/api/v1/Books 
 headers={'User-Agent': 'python-requests/2.25.1', 'Accept-Encoding': 'gzip, deflate', 'Accept': '*/*', 'Connection': 'keep-alive'} 
 body=None 
 </msg>
<msg timestamp="20210216 17:36:48.973" level="INFO">GET Response : url=https://fakerestapi.azurewebsites.net/api/v1/Books 
 status=200, reason=OK 
 headers={'Transfer-Encoding': 'chunked', 'Content-Type': 'application/json; charset=utf-8; v=1.0', 'Server': 'Kestrel', 'api-supported-versions': '1.0', 'Date': 'Tue, 16 Feb 2021 20:36:46 GMT'} 
 body=[{"id":1,"title":"Book 1","description":"Nostrud et et sanctus. Ea dolor sit consetetur. Et diam erat consetetur feugait sea sed sea et dignissim est magna justo dolor diam est. Delenit ut nostrud diam et sed stet augue voluptua sit elitr. Augue ea ea amet et et sit vero. Dolor sea labore at erat. Lobortis nonumy dolor erat elitr. At nonumy duo luptatum sed volutpat tempor duo autem dolore veniam ut dolores diam vero nonumy sed. Rebum ipsum lorem ut eum vero in dolore sed elitr invidunt accumsan erat dolores amet mazim voluptua elitr. Imperdiet dolor magna no takimata voluptua lorem veniam dolor et elitr iriure ipsum feugiat ipsum sit est labore.\n","pageCount":100,"excerpt":"Elitr eirmod vel elit consetetur consetetur vero dolor id odio in. Lorem elitr dolore feugiat et feugiat sadipscing eum diam dolor wisi iriure dolore erat accusam sit voluptua sit amet. Ex zzril sanctus et option consectetuer ea. Ipsum sit accusam euismod aliquyam clita consetetur kasd duis et sit sit feugait eos labore consetetur elitr invidunt eos. Eos sed at sadipscing te et option duo dolore sadipscing. Wisi stet aliquyam at voluptua voluptua nonumy veniam et at gubergren wisi lorem sit et lorem.\nKasd amet sed eirmod hendrerit diam ut at diam rebum. Erat voluptua dolor tempor. Ut dolore rebum sed sea justo dolor clita kasd et stet consetetur et sadipscing in accusam magna dolor et. Diam sed vero diam et. Ipsum at option nonumy eos consequat et duis. Sit duo diam tation elitr lorem consequat facilisis et diam magna et labore et sed. At lorem sadipscing et. Takimata vero sea sea et tempor magna et. Ea clita sanctus sed elitr ipsum et rebum eirmod iriure kasd ut est erat ipsum commodo ea ipsum nostrud. Ut aliquyam eos enim placerat sadipscing euismod dolor amet et est amet cum dolore imperdiet dolor autem. Rebum eirmod nulla nibh accusam autem aliquam eos ipsum amet sanctus no est vero iusto illum rebum justo. Esse est ipsum elitr sit no gubergren. Kasd dolores vero. Illum luptatum sea tation dolore elitr duis no elitr. Aliquam sed duis. Diam dolores lorem diam ut sit diam ad gubergren ut wisi delenit erat lorem.\nMinim sanctus sanctus rebum et sadipscing ipsum et. Kasd invidunt sea ea in consequat sanctus hendrerit accumsan sed consetetur ullamcorper commodo magna mazim vero. Facilisi et sed sanctus augue rebum ipsum illum ut augue vel suscipit diam sit justo. Sadipscing iriure magna amet ipsum amet amet feugait et nonumy takimata justo lorem. Ullamcorper dignissim eirmod et magna. Vero rebum autem eos clita feugiat sed. Sed tempor molestie consetetur elitr sea sadipscing eos veniam ut no facilisis eos sit labore vero nonumy. Illum in ipsum sadipscing ad vero amet voluptua takimata magna te no nonumy sit nonumy sed magna ut esse.\nEt ipsum dolor consetetur duo sea amet esse mazim sed sadipscing labore et stet ex eirmod ut. Sea dolore lorem ipsum rebum stet nisl molestie mazim velit dolore invidunt. Vel sea labore clita sanctus dolor adipiscing dolores amet sit esse ea consequat dolore at nonumy erat. Aliquam aliquyam ea autem et nonumy justo ut velit accumsan lorem duo eros takimata. Amet takimata sed lorem sit congue dolor consectetuer et kasd ea clita. Nibh kasd at. Accusam magna nonummy diam justo diam in accumsan elitr magna dolor at volutpat et accumsan amet. Eros diam illum accusam ut takimata magna aliquyam sadipscing sit illum labore. Eu diam magna esse. Duis erat dolores no commodo consequat sadipscing te eu nonumy et et. Vulputate iriure diam lorem. Consetetur nonumy invidunt takimata sea voluptua id accumsan vero sed consetetur amet et amet sed. Dolor accusam sanctus sit diam et sit voluptua voluptua. Hendrerit ex esse sadipscing et et dolore te. Delenit sed nonumy accusam sed rebum diam in dolor molestie enim vulputate aliquyam dolore sadipscing minim sadipscing. Enim vero clita sadipscing no eos amet liber sed invidunt magna duo et dolor tation. Rebum consetetur at option tempor velit amet. Amet tation diam consetetur nulla sea nonumy ex erat et amet lorem at accusam duo diam. Tempor eos sed gubergren et duis lorem diam accusam adipiscing.\nIn aliquyam magna ut justo lorem et est duo sit dolore laoreet amet. Amet justo accusam qui voluptua. Ea sanctus nobis duis gubergren ea. Lorem diam amet eirmod amet erat stet justo sed duo aliquyam aliquyam et amet labore facilisis nulla sed. Eu consetetur diam erat ullamcorper dignissim sanctus at justo esse nihil consequat facilisis. Esse invidunt sed amet eros liber duis diam hendrerit sea amet nostrud. Ipsum in labore nihil elitr erat amet invidunt et est veniam sadipscing dolores diam et. Feugiat stet sit. Et ut rebum sanctus vulputate magna lorem invidunt elitr magna justo ipsum sit at consequat diam qui voluptua. Ea ipsum ipsum et rebum eos sea at lorem accumsan. Sea rebum dolore sea ipsum ut nibh feugiat et clita sit exerci iriure sanctus. Ut dolor autem lobortis voluptua takimata sanctus sea invidunt eu ipsum dolor lorem hendrerit dolore takimata. Erat dolore aliquyam magna amet nam elitr dolor dolor sed tempor quod eu consetetur takimata diam duis et kasd. Consetetur ipsum labore accusam suscipit ea laoreet amet et nibh ut diam est sit. Clita illum congue dolores no soluta duo vero lorem justo duo ipsum eirmod placerat duo stet. Et elitr kasd dolore duis. Duo labore aliquyam sadipscing facilisis at vero imperdiet sit stet consequat amet dolor. Dolore magna iriure voluptua sed labore dolor et exerci ipsum nonummy ipsum elitr sadipscing qui stet sit.\n","publishDate":"2021-02-15T20:36:46.8787207+00:00"},{"id":2,"title":"Book 2","description":"Lorem aliquyam gubergren feugiat et diam dolores id in feugiat aliquip voluptua duis accusam nonumy consetetur qui. Ea laoreet zzril at sit elitr sed dolores at ipsum illum sadipscing laoreet invidunt est minim sadipscing dolor. Sadipscing accusam volutpat sea exerci kasd nulla kasd wisi aliquyam dolore lorem amet ut. Et esse vel. Labore at amet sea ipsum duo rebum vel sanctus ea sit magna sed et voluptua nibh sed. Dolor elitr ea sanctus dolor nulla lobortis tincidunt nostrud. Nulla eros lorem praesent et et tempor et. Nulla voluptua nonumy amet eos ea erat. Amet diam et eos vero tempor dolor clita sed rebum. Diam qui ipsum. Et sit est aliquyam clita labore dolor. Et qui ea. Gubergren stet magna luptatum ipsum dolor dolores dignissim vero iriure eos et. Dolor et at ipsum no.\n","pageCount":200,"excerpt":"Ut dolor ea sadipscing diam et blandit aliquyam dolor at lorem labore diam in elitr takimata gubergren magna at. Sit et ea sed vero nonumy voluptua. Dolor accusam gubergren quod est sea esse at ipsum tempor takimata lorem amet aliquip duo ipsum amet aliquam. Et gubergren no sit diam labore molestie diam eum et cum ut assum dolor hendrerit. Magna dolore at duo justo praesent dolores exerci et. Gubergren kasd et lorem dolores adipiscing sea dolor gubergren sit tincidunt sanctus lorem consetetur commodo hendrerit rebum velit no. Justo ipsum sed diam molestie et in ut lorem autem elitr qui. Ea vero nulla est. Tempor justo tempor lorem tempor in amet nulla clita dolore labore congue eos duis consetetur ipsum nonumy et. Takimata exerci eleifend aliquyam accumsan magna erat no no sit takimata justo at labore ut. Consetetur consetetur et dolore et diam. Eos takimata justo ipsum voluptua enim at takimata diam autem eos lorem sit voluptua lobortis sit iusto ut dolore. Erat sanctus clita at ea. Euismod et gubergren eos consetetur invidunt aliquyam eu diam eos suscipit feugait justo minim praesent.\nAccusam ipsum justo dolores elit molestie at consetetur tincidunt ut et eu duo amet. No et invidunt placerat. Erat et tempor duo justo amet. Dolore dolor tation accusam at. Feugait diam et amet et lorem dolor cum. Et dolores nulla et sadipscing duis dolore ut magna ut gubergren est in. Ea qui ipsum esse invidunt consetetur. Dolores congue gubergren nonumy. Lorem iusto rebum magna erat autem aliquyam et.\nEsse dolor ut eos. Sit sed stet ea tempor amet sea sed at. Sed kasd consetetur vel lorem molestie accusam diam et sadipscing est clita. Est elit tation dolor lorem aliquyam dolor. Labore consectetuer velit dolor vulputate ut consetetur ut feugait sit amet nonumy lorem nonumy duo et consetetur autem. Dolore at dolore erat duis dolor option sea sit clita eu hendrerit quis sed voluptua vel vel. Dolore rebum consequat sadipscing te facilisis nulla ut. Vel et et sanctus tation consectetuer eu elit accusam justo invidunt sanctus voluptua voluptua dolore diam diam. Cum nonumy kasd lorem nibh. Et dolore sit sed no amet accusam eleifend. Duis dolor sadipscing dolores nonumy sadipscing sed dolor et est no sit ipsum est eirmod.\nDolore dolor kasd adipiscing tempor sanctus exerci dolore accumsan voluptua dolor tempor accusam takimata feugiat. Nulla erat vero dolore gubergren wisi blandit minim. At clita dolor sed sit sed eum esse sadipscing clita ut diam id nostrud sit ut takimata ea. Nonumy placerat amet ipsum consectetuer eros invidunt at duis et sanctus dolor justo ad esse sadipscing aliquip.\nUt dolore ut praesent vero amet dolor no tempor eirmod sea sit. Justo molestie et laoreet. Labore delenit amet ea justo sit ea. Gubergren ex et est sit gubergren suscipit dignissim. Dolores labore vero invidunt odio velit illum et et eos eos. Et blandit consetetur et quis dolores adipiscing tempor no augue nonummy soluta est invidunt delenit facer. Eirmod amet in et clita amet nonumy congue ea adipiscing dolor dolor lorem eos in elitr et. Autem quis nonumy vulputate elitr diam et dolores odio takimata diam illum et accusam diam labore. Eos stet et velit cum est ipsum sit. Ea ut sadipscing amet ut eros lobortis voluptua. Diam tempor dolore takimata commodo et. Imperdiet ea sea. Ipsum at kasd ea. Justo dolor amet liber erat vero stet at consetetur. Ipsum vero et et veniam.\n","publishDate":"2021-02-14T20:36:46.8787956+00:00"},{"id":3,"title":"Book 3","description":"Diam rebum in ea wisi clita ut dolor sea exerci sed dolor ipsum sadipscing. Sed sit luptatum dolor lorem in moles... (set the log level to DEBUG or TRACE to see the full content) 
 </msg>
<msg timestamp="20210216 17:36:48.974" level="INFO">c:\users\patri\appdata\local\programs\python\python39\lib\site-packages\urllib3\connectionpool.py:1013: InsecureRequestWarning: Unverified HTTPS request is being made to host 'fakerestapi.azurewebsites.net'. Adding certificate verification is strongly advised. See: https://urllib3.readthedocs.io/en/latest/advanced-usage.html#ssl-warnings
  warnings.warn(</msg>
<msg timestamp="20210216 17:36:49.008" level="INFO">${RESPOSTA} = &lt;Response [200]&gt;</msg>
<status status="PASS" starttime="20210216 17:36:44.844" endtime="20210216 17:36:49.009"></status>
</kw>
<kw name="Log" library="BuiltIn">
<doc>Logs the given message with the given level.</doc>
<arguments>
<arg>${RESPOSTA.text}</arg>
</arguments>
<msg timestamp="20210216 17:36:49.023" level="INFO">[{"id":1,"title":"Book 1","description":"Nostrud et et sanctus. Ea dolor sit consetetur. Et diam erat consetetur feugait sea sed sea et dignissim est magna justo dolor diam est. Delenit ut nostrud diam et sed stet augue voluptua sit elitr. Augue ea ea amet et et sit vero. Dolor sea labore at erat. Lobortis nonumy dolor erat elitr. At nonumy duo luptatum sed volutpat tempor duo autem dolore veniam ut dolores diam vero nonumy sed. Rebum ipsum lorem ut eum vero in dolore sed elitr invidunt accumsan erat dolores amet mazim voluptua elitr. Imperdiet dolor magna no takimata voluptua lorem veniam dolor et elitr iriure ipsum feugiat ipsum sit est labore.\n","pageCount":100,"excerpt":"Elitr eirmod vel elit consetetur consetetur vero dolor id odio in. Lorem elitr dolore feugiat et feugiat sadipscing eum diam dolor wisi iriure dolore erat accusam sit voluptua sit amet. Ex zzril sanctus et option consectetuer ea. Ipsum sit accusam euismod aliquyam clita consetetur kasd duis et sit sit feugait eos labore consetetur elitr invidunt eos. Eos sed at sadipscing te et option duo dolore sadipscing. Wisi stet aliquyam at voluptua voluptua nonumy veniam et at gubergren wisi lorem sit et lorem.\nKasd amet sed eirmod hendrerit diam ut at diam rebum. Erat voluptua dolor tempor. Ut dolore rebum sed sea justo dolor clita kasd et stet consetetur et sadipscing in accusam magna dolor et. Diam sed vero diam et. Ipsum at option nonumy eos consequat et duis. Sit duo diam tation elitr lorem consequat facilisis et diam magna et labore et sed. At lorem sadipscing et. Takimata vero sea sea et tempor magna et. Ea clita sanctus sed elitr ipsum et rebum eirmod iriure kasd ut est erat ipsum commodo ea ipsum nostrud. Ut aliquyam eos enim placerat sadipscing euismod dolor amet et est amet cum dolore imperdiet dolor autem. Rebum eirmod nulla nibh accusam autem aliquam eos ipsum amet sanctus no est vero iusto illum rebum justo. Esse est ipsum elitr sit no gubergren. Kasd dolores vero. Illum luptatum sea tation dolore elitr duis no elitr. Aliquam sed duis. Diam dolores lorem diam ut sit diam ad gubergren ut wisi delenit erat lorem.\nMinim sanctus sanctus rebum et sadipscing ipsum et. Kasd invidunt sea ea in consequat sanctus hendrerit accumsan sed consetetur ullamcorper commodo magna mazim vero. Facilisi et sed sanctus augue rebum ipsum illum ut augue vel suscipit diam sit justo. Sadipscing iriure magna amet ipsum amet amet feugait et nonumy takimata justo lorem. Ullamcorper dignissim eirmod et magna. Vero rebum autem eos clita feugiat sed. Sed tempor molestie consetetur elitr sea sadipscing eos veniam ut no facilisis eos sit labore vero nonumy. Illum in ipsum sadipscing ad vero amet voluptua takimata magna te no nonumy sit nonumy sed magna ut esse.\nEt ipsum dolor consetetur duo sea amet esse mazim sed sadipscing labore et stet ex eirmod ut. Sea dolore lorem ipsum rebum stet nisl molestie mazim velit dolore invidunt. Vel sea labore clita sanctus dolor adipiscing dolores amet sit esse ea consequat dolore at nonumy erat. Aliquam aliquyam ea autem et nonumy justo ut velit accumsan lorem duo eros takimata. Amet takimata sed lorem sit congue dolor consectetuer et kasd ea clita. Nibh kasd at. Accusam magna nonummy diam justo diam in accumsan elitr magna dolor at volutpat et accumsan amet. Eros diam illum accusam ut takimata magna aliquyam sadipscing sit illum labore. Eu diam magna esse. Duis erat dolores no commodo consequat sadipscing te eu nonumy et et. Vulputate iriure diam lorem. Consetetur nonumy invidunt takimata sea voluptua id accumsan vero sed consetetur amet et amet sed. Dolor accusam sanctus sit diam et sit voluptua voluptua. Hendrerit ex esse sadipscing et et dolore te. Delenit sed nonumy accusam sed rebum diam in dolor molestie enim vulputate aliquyam dolore sadipscing minim sadipscing. Enim vero clita sadipscing no eos amet liber sed invidunt magna duo et dolor tation. Rebum consetetur at option tempor velit amet. Amet tation diam consetetur nulla sea nonumy ex erat et amet lorem at accusam duo diam. Tempor eos sed gubergren et duis lorem diam accusam adipiscing.\nIn aliquyam magna ut justo lorem et est duo sit dolore laoreet amet. Amet justo accusam qui voluptua. Ea sanctus nobis duis gubergren ea. Lorem diam amet eirmod amet erat stet justo sed duo aliquyam aliquyam et amet labore facilisis nulla sed. Eu consetetur diam erat ullamcorper dignissim sanctus at justo esse nihil consequat facilisis. Esse invidunt sed amet eros liber duis diam hendrerit sea amet nostrud. Ipsum in labore nihil elitr erat amet invidunt et est veniam sadipscing dolores diam et. Feugiat stet sit. Et ut rebum sanctus vulputate magna lorem invidunt elitr magna justo ipsum sit at consequat diam qui voluptua. Ea ipsum ipsum et rebum eos sea at lorem accumsan. Sea rebum dolore sea ipsum ut nibh feugiat et clita sit exerci iriure sanctus. Ut dolor autem lobortis voluptua takimata sanctus sea invidunt eu ipsum dolor lorem hendrerit dolore takimata. Erat dolore aliquyam magna amet nam elitr dolor dolor sed tempor quod eu consetetur takimata diam duis et kasd. Consetetur ipsum labore accusam suscipit ea laoreet amet et nibh ut diam est sit. Clita illum congue dolores no soluta duo vero lorem justo duo ipsum eirmod placerat duo stet. Et elitr kasd dolore duis. Duo labore aliquyam sadipscing facilisis at vero imperdiet sit stet consequat amet dolor. Dolore magna iriure voluptua sed labore dolor et exerci ipsum nonummy ipsum elitr sadipscing qui stet sit.\n","publishDate":"2021-02-15T20:36:46.8787207+00:00"},{"id":2,"title":"Book 2","description":"Lorem aliquyam gubergren feugiat et diam dolores id in feugiat aliquip voluptua duis accusam nonumy consetetur qui. Ea laoreet zzril at sit elitr sed dolores at ipsum illum sadipscing laoreet invidunt est minim sadipscing dolor. Sadipscing accusam volutpat sea exerci kasd nulla kasd wisi aliquyam dolore lorem amet ut. Et esse vel. Labore at amet sea ipsum duo rebum vel sanctus ea sit magna sed et voluptua nibh sed. Dolor elitr ea sanctus dolor nulla lobortis tincidunt nostrud. Nulla eros lorem praesent et et tempor et. Nulla voluptua nonumy amet eos ea erat. Amet diam et eos vero tempor dolor clita sed rebum. Diam qui ipsum. Et sit est aliquyam clita labore dolor. Et qui ea. Gubergren stet magna luptatum ipsum dolor dolores dignissim vero iriure eos et. Dolor et at ipsum no.\n","pageCount":200,"excerpt":"Ut dolor ea sadipscing diam et blandit aliquyam dolor at lorem labore diam in elitr takimata gubergren magna at. Sit et ea sed vero nonumy voluptua. Dolor accusam gubergren quod est sea esse at ipsum tempor takimata lorem amet aliquip duo ipsum amet aliquam. Et gubergren no sit diam labore molestie diam eum et cum ut assum dolor hendrerit. Magna dolore at duo justo praesent dolores exerci et. Gubergren kasd et lorem dolores adipiscing sea dolor gubergren sit tincidunt sanctus lorem consetetur commodo hendrerit rebum velit no. Justo ipsum sed diam molestie et in ut lorem autem elitr qui. Ea vero nulla est. Tempor justo tempor lorem tempor in amet nulla clita dolore labore congue eos duis consetetur ipsum nonumy et. Takimata exerci eleifend aliquyam accumsan magna erat no no sit takimata justo at labore ut. Consetetur consetetur et dolore et diam. Eos takimata justo ipsum voluptua enim at takimata diam autem eos lorem sit voluptua lobortis sit iusto ut dolore. Erat sanctus clita at ea. Euismod et gubergren eos consetetur invidunt aliquyam eu diam eos suscipit feugait justo minim praesent.\nAccusam ipsum justo dolores elit molestie at consetetur tincidunt ut et eu duo amet. No et invidunt placerat. Erat et tempor duo justo amet. Dolore dolor tation accusam at. Feugait diam et amet et lorem dolor cum. Et dolores nulla et sadipscing duis dolore ut magna ut gubergren est in. Ea qui ipsum esse invidunt consetetur. Dolores congue gubergren nonumy. Lorem iusto rebum magna erat autem aliquyam et.\nEsse dolor ut eos. Sit sed stet ea tempor amet sea sed at. Sed kasd consetetur vel lorem molestie accusam diam et sadipscing est clita. Est elit tation dolor lorem aliquyam dolor. Labore consectetuer velit dolor vulputate ut consetetur ut feugait sit amet nonumy lorem nonumy duo et consetetur autem. Dolore at dolore erat duis dolor option sea sit clita eu hendrerit quis sed voluptua vel vel. Dolore rebum consequat sadipscing te facilisis nulla ut. Vel et et sanctus tation consectetuer eu elit accusam justo invidunt sanctus voluptua voluptua dolore diam diam. Cum nonumy kasd lorem nibh. Et dolore sit sed no amet accusam eleifend. Duis dolor sadipscing dolores nonumy sadipscing sed dolor et est no sit ipsum est eirmod.\nDolore dolor kasd adipiscing tempor sanctus exerci dolore accumsan voluptua dolor tempor accusam takimata feugiat. Nulla erat vero dolore gubergren wisi blandit minim. At clita dolor sed sit sed eum esse sadipscing clita ut diam id nostrud sit ut takimata ea. Nonumy placerat amet ipsum consectetuer eros invidunt at duis et sanctus dolor justo ad esse sadipscing aliquip.\nUt dolore ut praesent vero amet dolor no tempor eirmod sea sit. Justo molestie et laoreet. Labore delenit amet ea justo sit ea. Gubergren ex et est sit gubergren suscipit dignissim. Dolores labore vero invidunt odio velit illum et et eos eos. Et blandit consetetur et quis dolores adipiscing tempor no augue nonummy soluta est invidunt delenit facer. Eirmod amet in et clita amet nonumy congue ea adipiscing dolor dolor lorem eos in elitr et. Autem quis nonumy vulputate elitr diam et dolores odio takimata diam illum et accusam diam labore. Eos stet et velit cum est ipsum sit. Ea ut sadipscing amet ut eros lobortis voluptua. Diam tempor dolore takimata commodo et. Imperdiet ea sea. Ipsum at kasd ea. Justo dolor amet liber erat vero stet at consetetur. Ipsum vero et et veniam.\n","publishDate":"2021-02-14T20:36:46.8787956+00:00"},{"id":3,"title":"Book 3","description":"Diam rebum in ea wisi clita ut dolor sea exerci sed dolor ipsum sadipscing. Sed sit luptatum dolor lorem in molestie ipsum. Ipsum feugiat at labore accusam vero sadipscing minim est lorem dolore dolor vero rebum aliquam vel dolor kasd et.\n","pageCount":300,"excerpt":"Et sed ipsum sea. Est diam sit eos sanctus et kasd. Ut et tempor est esse commodo et. At lorem eros veniam lorem. Erat dolore consetetur nonummy ea dolor clita est vulputate voluptua diam elitr. Ipsum kasd et. Ea invidunt et ipsum lorem autem exerci eos assum ut sed voluptua tation at sit autem lorem. Vulputate congue ipsum est gubergren suscipit kasd sanctus kasd erat feugiat sed clita ipsum takimata justo. Et magna facilisi ut ipsum invidunt lorem. Nobis ut erat aliquyam. Aliquyam minim et vero possim ut et gubergren voluptua delenit. Veniam lorem rebum te sanctus vero takimata. Iriure delenit possim augue kasd ipsum. At sadipscing erat eros accumsan luptatum eos tincidunt et et.\nAmet sanctus justo. Amet duo invidunt vel diam. Dolor accusam nonumy dolore vero ullamcorper nonumy suscipit dolor diam. Sit velit diam eu dolores at accusam erat rebum dolor in erat ea eos amet eos zzril justo sit. Takimata ea accusam et sea eos sed eos at. At rebum ut et ipsum dolores sed et dolore sadipscing. Soluta wisi sed ut elitr kasd.\nEt takimata justo dolore ipsum rebum dolore soluta et. Invidunt aliquyam dolor eirmod consequat et dolor consetetur. Accusam sed duis luptatum dolor ipsum at iusto erat diam rebum et labore vero. Gubergren sed sanctus at kasd ipsum accusam vel ipsum iriure diam. Dolores ea duo sanctus vero. Tincidunt ut ex. Ut sed est sed sed consequat. Veniam eum dolor sanctus takimata diam tempor et. Eum lorem lorem enim ullamcorper vero no ullamcorper takimata sea. Hendrerit accumsan duo facilisis accusam est velit praesent sed ipsum lorem. Iusto sanctus kasd ipsum lorem diam.\nAliquyam facer et et clita ex diam sit soluta et lorem et dolor dolore tempor ipsum. Tempor labore soluta takimata esse velit luptatum eum eos sed et et voluptua gubergren. Commodo eirmod ut ipsum ipsum dolore duo tempor zzril eum ea. Est et vero velit tempor lobortis facilisi feugiat takimata voluptua rebum diam dolores lorem voluptua eirmod nibh amet dolor. No dolor lorem autem eos labore lorem vel invidunt feugiat dolor stet. Feugiat duis quis commodo et lorem feugait dolor dolor. Odio sea eum dolore lorem est erat dolore duo doming liber. Erat sea consetetur facilisis kasd. Dolore imperdiet takimata at sit odio. Voluptua ut nostrud lorem dolor takimata voluptua sit elitr et et nonumy takimata sit assum sanctus accusam ipsum dolore. Dolore at et lorem sit accusam dolor accusam sit labore nihil takimata accusam amet iriure possim sit placerat eirmod. Elit ipsum consetetur sea et consequat at eos tincidunt ipsum nonumy ullamcorper sed soluta est sit.\nElitr at tempor lorem amet vero facer dolores dolores clita nibh ipsum lorem consequat. Rebum tation erat magna elitr ut sed eum sed veniam dolor. Elitr suscipit diam. Sed eirmod dolores duo. Ea laoreet sea invidunt vel ipsum wisi stet. Euismod ipsum hendrerit takimata qui sit sed tempor gubergren tempor stet at et kasd ipsum. Ea tempor duis et invidunt facilisis et rebum justo. Magna accusam erat vero dolore in dolore sed et sed tempor invidunt. Sed autem lorem sed dolor et dolor sed lorem no molestie tempor no et sed erat amet feugiat. Tempor sed lorem aliquyam sea aliquip est diam gubergren sadipscing. In aliquyam rebum eirmod elitr placerat dolore dolores suscipit diam praesent. Aliquip clita gubergren diam vero accumsan elitr duo dolore stet lobortis ipsum ipsum. Consetetur amet suscipit. Dolore sed labore. In sed facilisi facer eum et. Autem sea dolor lobortis et autem sed magna sit dolore delenit. Voluptua gubergren dolore.\n","publishDate":"2021-02-13T20:36:46.8788621+00:00"},{"id":4,"title":"Book 4","description":"Aliquyam amet dolore ipsum tation ad iriure quis et nonummy. Et nulla luptatum diam in stet labore lorem accusam clita. Consetetur dolores ea elitr gubergren dolor vero sea gubergren et erat voluptua invidunt aliquyam invidunt erat. No takimata sadipscing eos dolor esse duis dignissim dolores consequat sadipscing nonumy at labore sit eirmod aliquyam et. Laoreet ipsum facilisi clita eirmod sea volutpat esse dignissim suscipit ea feugiat facilisi at clita magna. Justo consequat sadipscing rebum dolore. Elitr zzril rebum justo labore dolore ad accusam et.\n","pageCount":400,"excerpt":"Facilisis lorem sit augue vulputate. Lorem lorem voluptua et consectetuer est vel volutpat stet sit invidunt duo diam aliquyam dolor invidunt nulla. Sit invidunt no velit sanctus ipsum dolore diam. Blandit rebum no rebum clita facilisis nulla vero. Diam eos elitr te erat ut est aliquyam nonummy lorem facilisis consetetur ipsum sed vero. Dolore esse lorem clita consetetur eos illum sadipscing eos duo ea est vero consectetuer ut duo. Suscipit gubergren voluptua eos est kasd takimata dolore diam elitr nulla vel augue ea. Ut sadipscing ipsum consetetur suscipit rebum ut lorem velit. Rebum kasd duo amet. Consetetur facilisis gubergren ut rebum. Minim eu consequat vero minim feugiat amet rebum lorem nibh blandit tempor kasd et ea lorem. Eos laoreet eos sanctus molestie facer sed amet diam ea accusam dolor et amet accusam magna amet. Veniam diam lorem nonumy labore justo nonumy vel eirmod euismod takimata sea nulla. Amet illum vel est diam. Erat voluptua suscipit eos sed ea nonumy consectetuer eirmod elitr nihil praesent dolore amet laoreet no. Iriure in lobortis et duo ipsum erat sadipscing dolore et aliquyam dolor sit diam. Nonummy justo gubergren dolores cum. Congue duo suscipit accusam feugiat erat magna sed elitr aliquyam diam consequat takimata est. Lorem takimata gubergren sanctus vero dolore diam eum.\nEt ipsum diam et rebum sed tempor tincidunt gubergren consetetur accusam amet augue est at. Dolor diam nonumy voluptua minim elitr labore dolores gubergren sadipscing et feugiat erat justo volutpat sanctus. Lorem eros et duo et diam diam dolores magna lorem amet. Nostrud nonummy eirmod eu sea tincidunt tempor takimata eos molestie sed justo enim nibh. At in amet sed elitr ea et quis sed dolore eu. Stet amet te duo vero suscipit ipsum amet dolore. Dolore accusam voluptua duis option et molestie dolor vero lorem exerci at ipsum takimata dolor. Ipsum eirmod diam et sed lorem sed gubergren at sanctus nostrud justo dolor sed exerci amet justo eu. Takimata rebum eum molestie ipsum voluptua diam id diam gubergren liber dignissim accusam dolores molestie ut assum dolore sed. Kasd clita et vero. Nulla kasd nonummy erat sea nostrud ipsum consequat et. Kasd diam ipsum at amet diam vero vel sit diam est et ut amet. Vero ut amet zzril lorem nonummy ipsum. Elitr accusam dolor dolor veniam dolor ea ipsum et. Nonumy facilisis diam ipsum ut et tempor sanctus vel et tempor stet dolor dolore dolor takimata lorem diam. Amet et eu sit.\nEst labore nibh feugait dolor cum ut ut magna vel takimata nulla dolor eirmod kasd ad ipsum labore eu. Facer aliquip eos lorem exerci dolore invidunt quis et vero at magna dolores elit feugiat volutpat euismod duis zzril. Wisi invidunt est elit sed doming vel aliquyam option sanctus. Option delenit amet molestie duo ipsum sed ut sit enim sadipscing ea eos at voluptua stet.\nSadipscing eirmod invidunt dolor invidunt rebum ex zzril dolore stet. Eum laoreet kasd. Amet voluptua dolor est et erat ea elit veniam. Stet sed facer eu voluptua ea dolore duo nostrud iusto dolores eirmod magna sed eleifend magna. Vulputate erat voluptua tempor elitr vel eu. Ea gubergren sea nisl est sit invidunt in dolor takimata est rebum dolore sed. Magna facilisis stet nonumy ea stet quis takimata.\nDolore diam ut diam sanctus accusam diam eos consetetur kasd magna vero. Elitr consetetur consetetur stet sit accusam duis blandit molestie aliquyam. Vero tempor erat sadipscing soluta quod dolor ipsum velit dolor tincidunt justo ea tempor. Esse sea invidunt nam. Kasd takimata dolor esse erat accusam duo blandit invidunt sadipscing adipiscing diam feugiat et. Ut sed cum diam amet no. Ullamcorper illum delenit at nostrud voluptua et tempor invidunt clita ea amet. Praesent aliquyam gubergren stet adipiscing voluptua duo et sadipscing invidunt ipsum sit kasd odio.\n","publishDate":"2021-02-12T20:36:46.8789335+00:00"},{"id":5,"title":"Book 5","description":"Facilisi ut odio tempor accumsan justo illum nonumy est elit. Sit eleifend sea voluptua ullamcorper magna eos labore velit eleifend diam nulla ullamcorper diam. Dolor sit kasd et lorem eos gubergren gubergren minim sed feugiat stet at dolore nulla. No dolor dolores sanctus eleifend invidunt aliquyam erat et eirmod tempor lorem.\n","pageCount":500,"excerpt":"Gubergren dolor dolor diam et possim erat et magna justo aliquyam. Enim sed dolore justo erat ut consetetur aliquyam ea facilisi. Ut odio clita ea enim duo.\nLabore et kasd justo dolore commodo no diam elitr elitr nibh esse dolor tation gubergren iusto invidunt sit ipsum. Dolor sanctus rebum molestie ea labore kasd luptatum kasd accumsan erat volutpat consequat et amet euismod nisl. Labore invidunt justo no dolor. Takimata lorem gubergren quod dolore justo augue. Dolore qui ea sed dolor elitr labore gubergren. Sadipscing dolores velit stet no dolor ea minim. Tempor voluptua stet velit vero quod lorem elitr no option minim.\nAccusam voluptua feugait tempor dolores. Dolores eos clita vel accumsan nonummy at sadipscing illum feugait lorem dolor nulla diam sadipscing tempor. Tation consetetur aliquyam gubergren vero gubergren sed ut luptatum diam eos erat feugait diam. Labore ipsum rebum. Sed dolore et sanctus ipsum zzril diam et rebum consequat magna nostrud nostrud illum possim invidunt sadipscing. Takimata tincidunt rebum et ullamcorper sadipscing. Ipsum eu voluptua diam diam duo eu rebum stet amet eos ut nonumy. Sed et dolore stet sanctus adipiscing. Nonumy autem et duo erat rebum. Accusam amet takimata sed. Dolor amet duo sanctus diam nam erat et sit option eirmod dolores dolor lorem. Augue eos dolor. Diam facilisis option facilisi eirmod sanctus.\nLorem lorem elitr sit esse dolore velit at sanctus sea eros. Et diam sit amet facilisis nisl ipsum et at at. Eos ipsum et lorem ipsum ipsum sit erat vero molestie sea at dolore ipsum eirmod sit. Sit aliquyam nobis accusam. Ut aliquyam gubergren voluptua lorem diam ex dolor sanctus vero facilisis minim nibh ipsum tempor sanctus. Voluptua blandit erat lorem. Volutpat magna nonumy dolor quis nam. Assum amet hendrerit hendrerit dolores vel takimata augue diam adipiscing et commodo accusam lorem ea dolore amet accumsan diam. In veniam ipsum ipsum diam kasd accusam nonummy. Tempor dolor velit consetetur et. Eu et vel duis eleifend aliquyam. Sea sed elitr et lorem et rebum vero. Vero dignissim vero sit sed elitr no. Diam amet vel velit et amet ut cum eirmod. Vero accumsan ipsum sit sea velit sea ipsum diam.\nAugue nonumy magna ea illum sed ea accusam aliquip vulputate ipsum dolor labore takimata. Vel no aliquip vero qui ipsum kasd sit laoreet ut gubergren diam sit sanctus in. Ea ipsum et nibh vero quis et amet aliquip. Amet ut sanctus ut sanctus magna eos et luptatum ipsum dolor amet tempor. Amet stet sed aliquyam accusam sit molestie eu et dolore accusam sadipscing tempor aliquyam dolore takimata ut sanctus.\n","publishDate":"2021-02-11T20:36:46.8789835+00:00"},{"id":6,"title":"Book 6","description":"Zzril nonummy amet et takimata erat diam sadipscing lorem in facilisi et et eirmod. Invidunt laoreet consetetur vero justo. Amet dolore accumsan labore duo diam. Tempor in rebum. Sadipscing voluptua kasd no at et eos voluptua illum vel. Te no sanctus vero. Diam sit cum invidunt dolore eirmod possim rebum elitr. Ut nonumy sit sit takimata ipsum laoreet diam et diam voluptua minim facilisis sit et eos. Et gubergren et duo clita takimata no ipsum sed sed exerci et. Voluptua imperdiet dolores accusam clita labore. Ut in consetetur. Eos labore molestie facilisi sadipscing ut dolor ipsum amet ea consetetur est vel et vero stet sadipscing consetetur et. Dolores dolor amet blandit ipsum delenit no dolore tempor takimata stet elitr ea nam ipsum sit nisl ipsum tincidunt. Eirmod diam et diam clita takimata amet. Sit accusam dolore at odio eirmod dolor lorem ut labore diam facilisis voluptua accusam. Dolore minim dolor et aliquyam duo eum elitr nonumy consequat diam justo kasd dolor takimata facilisi placerat dolore voluptua. Et at duis nonumy kasd. Consequat sea esse feugait lorem clita duo.\n","pageCount":600,"excerpt":"Consequat at dolores stet ea. Erat elitr no autem dignissim diam sed no sed. Magna sit sit ea invidunt. Stet ipsum consetetur lorem et eirmod no soluta lorem labore esse iriure kasd stet at kasd euismod lorem stet. Diam dolor in erat elitr sit id eos dolor gubergren. Elitr qui illum ea dolor diam kasd. Quis eum accumsan sit lobortis ipsum dolore ipsum ea eu invidunt takimata magna augue odio. Ipsum in enim stet duo sadipscing diam. Eirmod volutpat rebum esse lorem minim eos. Wisi sanctus gubergren invidunt augue eu tempor exerci nostrud ipsum dolore stet luptatum lorem invidunt facilisis dolore. Clita nonumy vel ipsum et enim sed. Hendrerit invidunt iusto consetetur. Dolores takimata ipsum tation at duo consectetuer. Accusam lobortis ipsum. Dolore magna diam sit illum diam consectetuer in. Ex consetetur ut invidunt te sed quis eirmod est sit.\nDignissim stet sanctus augue magna gubergren gubergren rebum consequat sed vero. Kasd nonummy clita rebum vero sadipscing invidunt et et. Stet stet dolor erat et dolore et kasd ea lorem lorem sea rebum justo facer labore ipsum. Vulputate diam sadipscing stet lorem elitr ullamcorper.\nUt rebum augue gubergren dolore. Et et quod erat at iriure lorem elitr feugait takimata in nibh ipsum ad amet et dignissim. Lorem kasd clita consetetur justo diam. Clita dolor ipsum ut aliquyam invidunt vel dolores dolores luptatum tempor dolor elitr et sed. Duo dolor est ea aliquyam lobortis ea sed nostrud clita diam. Illum erat et rebum et justo luptatum vero sanctus molestie rebum eos consetetur nostrud. Sit rebum et. Ipsum doming kasd sed elitr aliquyam nostrud aliquyam. Accusam sanctus elitr dolores sit dolor sit tempor vel voluptua magna eos consetetur. Lorem magna eirmod dolore et praesent erat magna sed dolor wisi elitr eum. Dignissim aliquyam wisi accusam nonumy. Et ea dolor duis dolore elitr sit lorem accumsan nibh dolor accusam lorem clita augue dolor. Lorem takimata rebum consectetuer euismod erat sed labore lobortis diam duis molestie ea iusto facilisis qui lorem. Blandit clita kasd est erat hendrerit esse dolore dignissim no. Tempor blandit voluptua ut voluptua dignissim. At nonummy kasd ut dolor sanctus sed accusam wisi consequat. Lorem lorem clita sanctus qui erat diam vero exerci facilisis nulla clita amet consetetur magna est luptatum. Velit diam possim ipsum et id. Et ipsum luptatum lorem aliquyam et accusam invidunt wisi ad gubergren veniam dolore.\nMagna lorem sea. Amet delenit ea facilisis et. In duis dolore voluptua esse.\nEt eu invidunt magna eu augue illum eirmod tempor lobortis lorem imperdiet et consetetur elit et in. Diam consetetur et. Diam ea in no et liber voluptua et duo voluptua nulla voluptua sit ea te ea. Tempor duis duis clita takimata clita.\n","publishDate":"2021-02-10T20:36:46.8790778+00:00"},{"id":7,"title":"Book 7","description":"Clita no elitr et. Dolore sea dolores wisi accusam no accumsan volutpat labore voluptua clita eirmod velit nulla. Sit consetetur lorem stet dolore diam. Luptatum in et justo ipsum.\n","pageCount":700,"excerpt":"Stet iriure labore stet et. Accusam sea lorem commodo ea elitr dolores gubergren. Sit aliquyam diam ea lorem lorem justo diam nulla. Et sit sea commodo zzril sit ut ipsum diam sea lorem sed justo erat rebum gubergren eirmod eos sit. Dolore kasd assum sit ipsum volutpat. Invidunt minim lorem id dolores eirmod sed dolor sit at. Possim imperdiet autem sadipscing invidunt sea lorem ullamcorper nibh takimata lorem eirmod. Sit vero dolor accusam est. No id erat justo magna. Eos et ipsum suscipit in lorem adipiscing sit vero.\nRebum ipsum accusam aliquyam tation ea sed consetetur magna at eirmod autem exerci. Voluptua velit sadipscing ipsum labore veniam sed erat ut sit at et. Nonumy ipsum at et ut. Eirmod velit feugiat labore nostrud esse erat eirmod sed nonumy. Ut illum suscipit vero lorem duis eirmod ipsum nulla sed clita ut et nonumy eirmod. Praesent dolor sed vero tempor stet invidunt est dolore dolor est nulla. Est vero tempor vero consetetur zzril elitr. Suscipit eos laoreet justo duo option molestie elitr ipsum duo. No amet sed ut labore no. Et sed tempor duis velit consetetur sed. Dolor invidunt at gubergren accusam eos stet sanctus no aliquyam vulputate est sit et. Aliquyam takimata consetetur et accusam doming consetetur aliquyam esse at clita quod nonummy amet. Duo nonumy kasd quis eum et et sed clita takimata dolor sadipscing dignissim est eum nostrud takimata. Et vero hendrerit nonumy consequat dolor.\nDolor accusam eleifend dolor lorem nisl clita eum. No sadipscing takimata dignissim. Dolor duis vel. Elitr dolor suscipit dolores sed justo stet consequat consetetur. Facilisi eos ut. Iriure justo justo rebum sed dolore in. Ea nonumy sadipscing iusto.\nTempor et kasd sadipscing dolor dolores no dolor. Eum eu illum et ad no sed diam nonumy ex gubergren enim commodo ullamcorper dolore volutpat consequat sadipscing ipsum. Labore elitr tempor odio. Amet nulla no delenit voluptua ullamcorper dolor dolores. Nonummy ut ut nonumy. Cum et amet est et et dolor tempor kasd erat vel clita eos gubergren nostrud. Laoreet elitr no voluptua erat commodo eu no stet diam eu ipsum luptatum dolore dolor dolor. Zzril rebum eos labore tempor. Eos diam sed dolor aliquyam nonumy rebum velit voluptua takimata zzril est sadipscing nisl stet. Sit sanctus gubergren elitr kasd aliquip est lorem quis dolore eum lorem eros facilisis diam. Ea gubergren suscipit zzril dolor dignissim molestie accusam ipsum et at invidunt dolor diam lorem stet labore.\nAt hendrerit amet lorem accusam tincidunt at dolor ipsum eum adipiscing. Eum veniam congue dignissim et. Dolore kasd dolore eirmod aliquyam consetetur sadipscing diam zzril dolor lorem erat aliquyam magna nonumy ut consequat. Vero gubergren dolore elitr diam vulputate possim no dolore minim at. Et sed et sed dolor et eos eirmod diam. Takimata iriure at voluptua delenit et consequat nisl option amet consetetur et nonummy takimata. Diam nonumy at elit aliquyam elit lorem dolore est lorem. Sea dolor stet no ipsum amet sed facilisi dolor lorem sit velit esse aliquam nulla sed stet. Luptatum dolor te consectetuer tation duis dolor cum laoreet takimata accusam laoreet dolore dignissim. Soluta clita delenit sed clita. Aliquyam erat nonumy ea sed eos duis diam ea vero commodo. Aliquyam eos dolor et in sea commodo ex duo kasd duo invidunt. Dolor elit duis et nisl sadipscing esse exerci gubergren lorem iusto odio erat diam eirmod gubergren duis takimata amet. Diam dolor ea sea et eirmod et tation consequat vero justo kasd ipsum vulputate sed kasd sit.\n","publishDate":"2021-02-09T20:36:46.8791404+00:00"},{"id":8,"title":"Book 8","description":"Rebum sed vero et justo consetetur delenit facilisis eirmod sed sea. Erat duo eu et nonumy et. Tempor ipsum facer lorem. Molestie ut tation ea ut molestie duis no takimata aliquyam accusam takimata lorem lorem dolor consequat ipsum nostrud diam. Takimata sit diam consetetur est et ipsum clita. Illum vero iusto autem stet et labore dolore sit in imperdiet sit ipsum ipsum takimata sit iriure elitr.\n","pageCount":800,"excerpt":"At ea sadipscing sit tempor. Lorem labore volutpat eos vero wisi duo duis vero lorem lorem iriure consequat luptatum rebum luptatum takimata. Duis stet sea ipsum diam dolor clita gubergren clita sadipscing ex et magna accusam consetetur in stet iriure labore.\nDiam dolores amet at sit dolor dolor est takimata nulla et et vero nonumy elitr erat dolor vel et. Rebum facilisi sed aliquyam takimata quis in nobis sadipscing dolor volutpat ex. Lorem adipiscing dolor no sed magna et et ut tempor. Sadipscing et accusam aliquip dolor ipsum kasd. Rebum sit dolor diam at et duo suscipit est no clita tempor sed consetetur. Accusam nonumy erat et facilisi sea tempor.\nVel diam invidunt eirmod accusam sea delenit augue in invidunt consequat ipsum dolor. Labore velit gubergren et amet vel sea sit euismod wisi sit duo clita. Diam eirmod tincidunt. Elitr in cum duo et aliquyam in. Option et diam est. Dolor justo hendrerit et nonummy et in sadipscing wisi. Nisl imperdiet ipsum tempor consequat ipsum in vel tincidunt nibh vero. Diam diam nisl sanctus dolore imperdiet dolores accusam ullamcorper eos nonumy diam at congue. Et kasd accusam vel ut elitr at sit sed. Sadipscing praesent erat vero luptatum labore gubergren dolore invidunt veniam ea eos vulputate ut magna. Commodo no aliquyam iusto. Nulla et ipsum sadipscing lorem ea ipsum diam rebum ipsum vero.\nConsequat consetetur eirmod aliquyam consetetur dolor quis tempor. Eirmod aliquip consetetur euismod ut eleifend gubergren dolor lorem accusam aliquam. Labore sed duis lorem sit aliquip. Diam et elitr eirmod gubergren et gubergren accusam erat duo ea sed sadipscing et labore. Tincidunt amet sed ad dolores rebum lorem lorem facilisi vero justo tempor duo nam aliquyam magna wisi. Duis accusam erat dolores et gubergren sit erat eos tation molestie sadipscing. Facilisi lorem amet et amet duo eirmod erat rebum amet nonumy wisi. Aliquyam magna eirmod ea tempor labore magna ullamcorper duo consectetuer accusam amet amet tempor erat lorem at. Assum congue clita erat tempor nonumy illum zzril. Nonummy ut ut vel feugait sit amet aliquyam nisl elitr sea ut ex. Dolores nonumy dolores est duis ex dolore. Et takimata no consectetuer et ipsum lorem consetetur lorem ea sanctus dignissim lorem invidunt autem clita nulla sadipscing aliquam. At clita eirmod est nonumy justo ut sea justo labore tempor et sit erat stet sed. Vero labore dolor magna stet sadipscing nonummy. Erat sed minim at sanctus no eirmod aliquyam no amet delenit iriure ipsum vel ipsum rebum in ut.\nEos lorem lorem takimata et invidunt sanctus sea duo sed. Justo sanctus eirmod no. Tempor dolores stet eum. Ipsum iriure dolore amet est eos sit tempor eirmod tincidunt est. Ea consetetur dolor liber sadipscing lobortis accusam ut. Stet dolores eos nibh consectetuer et in ipsum nibh eos consetetur est consetetur lorem clita dolore vero molestie clita. Magna aliquyam invidunt et vero sed sadipscing amet at. Erat sadipscing sed in nonumy tincidunt no eirmod qui takimata takimata. Sed eleifend iriure eos accusam nonumy dolor labore tempor accusam. Et diam labore eleifend sit. Gubergren lobortis est kasd rebum exerci nobis stet et sit vero ad duo nulla. Eirmod dolores erat invidunt diam eleifend justo lorem consectetuer ut facilisis sea labore et gubergren liber vero sea. Sea dolores sit in wisi nonumy erat gubergren gubergren vero feugait possim duo invidunt lorem ut te duo. Eos velit sed lobortis eirmod aliquam nam.\n","publishDate":"2021-02-08T20:36:46.8792031+00:00"},{"id":9,"title":"Book 9","description":"Dolor nostrud erat eos liber justo accusam ut invidunt consetetur. Dolor duis vulputate erat delenit voluptua blandit takimata invidunt magna invidunt duo est erat ut consetetur dolores stet eu. No ut nulla. Esse autem sea labore dolore dolor et ipsum sit eos dolore sea labore nonumy sanctus sed. Erat ipsum invidunt. Nonumy nulla lorem vel vel lorem nulla. At sadipscing elitr lorem vero et tempor lorem dolore diam soluta lorem tempor. Eos sit duis voluptua augue takimata lobortis ipsum vel voluptua erat dolor consetetur dolor vero et tempor commodo. Feugait voluptua nonumy sea et tincidunt et lorem rebum tempor lorem amet. Odio sed vel laoreet ut ea elitr dolor justo voluptua rebum gubergren sea et. Esse ullamcorper erat nonumy est suscipit rebum. Qui eirmod et volutpat euismod esse sed clita sadipscing magna sed vel et duo ut at. Vero et diam aliquam vero elitr amet feugait vel.\n","pageCount":900,"excerpt":"Sit rebum vulputate quis nulla invidunt dolores sit dolore. Adipiscing dolor nostrud delenit tempor ipsum. Et et duo sadipscing quod accusam dolore sit eos lorem consetetur dolor magna eos sadipscing ipsum dignissim no clita. Sit et sit dolor erat elitr dolor nam at clita lorem. Nonumy consetetur autem takimata ea autem consetetur consetetur sea. Est no et sanctus. Diam hendrerit aliquyam elitr. Sea consequat est sanctus eu et dolor eleifend erat amet voluptua. Sit accusam nulla tempor dolor invidunt et at ea blandit zzril justo labore et erat. Elitr vero stet. Et duo rebum tation et possim sit tempor lorem duis. Sed dolor vero minim et ipsum ea duis takimata duis. Facer ipsum dolore. Ea augue lorem vero nostrud dolor erat aliquyam sea dolor elitr et. Takimata eos diam voluptua accusam no dolore gubergren doming et rebum at voluptua. Euismod duo ipsum sed eum in dolores invidunt et enim sea lorem lorem invidunt est. Kasd suscipit et zzril takimata illum ea diam justo elit. Eirmod sea sed.\nConsectetuer ut est sed sanctus eos enim justo dolores accusam. Rebum justo gubergren. Enim kasd sed diam eos te amet invidunt sed diam stet feugait clita dolor sed. Eros consetetur consetetur possim amet feugiat. Nihil iusto diam voluptua dolores invidunt dolor. Accusam ut stet nisl te et. Sit lorem stet lorem stet at sadipscing facilisis odio diam in consetetur magna et vero vero dolore et adipiscing. Hendrerit consequat et sed amet kasd dolor at eos ullamcorper takimata duo. Duis consetetur eos ipsum sit dolore dolor. Elitr lorem kasd erat sadipscing dolor magna. No te dignissim kasd erat. Dolor accusam sadipscing praesent luptatum takimata vulputate sanctus sit lorem.\nDuo dolore qui eum clita amet vel feugait consequat aliquyam vel lorem tation. Cum nonummy duis amet magna sea at et ut dolor no et dolor exerci sit tempor vero stet vero. Eu nonumy sit elit ipsum et dolor sed sit sanctus. Consetetur kasd congue lorem no et amet delenit erat accusam duis labore duo dolore. Dolor accusam facilisis kasd sanctus iusto diam gubergren nulla rebum kasd et volutpat tempor consetetur dolor. Lorem ipsum molestie. Iusto et elitr iriure erat. Ea sed nibh lobortis amet amet justo et sadipscing dolore ex sit. Lorem amet nonumy nonummy nostrud sea consetetur. Ut consetetur at option accusam lorem eos consetetur sit ut minim diam sanctus diam. Sed tincidunt eirmod dolores aliquip rebum sit quod. Lorem lorem illum facilisi eu clita quis est duo sanctus magna sit et est. Amet aliquyam erat. Tempor tempor ut. Stet eu clita lorem at dolor elitr nihil dolores adipiscing.\nEst amet ad kasd iusto hendrerit amet sea sit dolor. No molestie dolor et erat consequat no takimata. Commodo esse duo sit dolore duis nonumy stet voluptua nonummy ipsum erat et diam. Dolore ipsum sit lorem dolor vero delenit quis vulputate molestie ipsum clita sed euismod sanctus voluptua. Nonummy est lorem dolores ipsum est takimata amet. Erat et mazim clita amet dolor erat consetetur blandit ut nisl tincidunt sadipscing et et. Aliquyam exerci duo ex clita takimata justo luptatum at ipsum erat nonumy ipsum erat vero. At ad rebum. Dolores laoreet kasd nulla praesent labore et commodo. Et et option et ipsum et sit diam nostrud nonumy vero rebum sed odio. Amet amet sed nonumy kasd veniam amet dolore gubergren.\nDiam ipsum sed autem diam vel tempor sadipscing sadipscing nisl quis aliquyam et at. Ipsum dolore clita facer wisi voluptua. Qui sed ea elitr dolore est aliquyam praesent facilisi diam erat eum et duis ipsum aliquyam kasd ut. Dolores diam eirmod consequat et nibh. Aliquyam sea justo amet molestie ipsum justo ut clita rebum magna volutpat ea. Augue gubergren clita ut amet diam sadipscing dolore diam eleifend sit gubergren vero. Id zzril et sed adipiscing blandit vero in. Placerat dolor clita invidunt rebum est. Duis laoreet velit sit. Justo gubergren consequat et consequat. Ipsum accusam eirmod lorem lorem nostrud nostrud nulla sit lobortis dolores ut ut exerci eos duis nonumy. Iusto illum erat dolore lorem et consetetur nostrud duis nonumy voluptua. Sed diam ipsum clita at et sed eum dolores amet rebum tincidunt nostrud amet sit. Liber tempor eu accumsan accusam sed ipsum ipsum. Eirmod illum odio aliquam ut et volutpat dolore accumsan amet possim eirmod vulputate amet volutpat ut eum nonumy et. Iusto tempor no molestie ipsum.\n","publishDate":"2021-02-07T20:36:46.8792901+00:00"},{"id":10,"title":"Book 10","description":"Sea sit ut invidunt erat sit labore molestie ut sanctus. Vulputate qui erat elitr labore amet. Et rebum eos sit diam no. Voluptua dolores eos dolor. Eirmod et qui et augue rebum in no et elitr diam kasd. Clita at eos et facilisi. Diam hendrerit aliquam eirmod sadipscing invidunt clita aliquyam gubergren et dolor erat kasd consequat sed. Tempor est sadipscing amet diam stet elitr invidunt vero. Dolore aliquyam diam et velit esse eum no. Adipiscing consequat amet nulla nonumy nobis ut nibh. Et stet nonumy voluptua dolor no nonumy consetetur sed sea eirmod eos justo consequat rebum duo in et. Amet sanctus ea lorem dolor tempor euismod et hendrerit duis et magna. Dolore kasd ea kasd ipsum. Esse justo amet duis erat dolore est at amet sit. Gubergren eum sit consequat et ipsum takimata diam nibh eirmod stet et magna ea est voluptua doming. Ipsum iusto lorem et sea sed et sit ea tempor justo dolor sit stet takimata eum amet. Magna voluptua consequat duo takimata. Accusam nihil at delenit stet magna accumsan voluptua consetetur wisi dolor.\n","pageCount":1000,"excerpt":"Nonumy magna et dolor labore et magna gubergren diam eros justo amet vel facilisis clita amet. Laoreet ea minim et ipsum diam ipsum ex stet vel aliquyam elitr lorem. Et ea et augue lorem iriure sea amet invidunt est. Kasd invidunt tincidunt ipsum erat dolore nostrud aliquyam no sadipscing facilisis dolore esse sed amet aliquip autem sit. Facer dolores vulputate amet lorem sit duo et sea laoreet te gubergren amet consetetur. Et facilisi nihil aliquyam no dolores dolore stet consetetur blandit lobortis dolore diam. No tempor kasd lobortis est. In odio erat accusam stet. Clita justo eros gubergren ea stet. Vero et et sea nulla aliquam rebum nonumy tempor sit option lorem autem consequat. Duis adipiscing eleifend est clita erat in labore et voluptua sadipscing stet ipsum et est iriure et. Et elitr amet liber nulla nobis dolore sed dolor tempor in eos sanctus amet sed sed accusam. Praesent clita duo et. Tempor dolor zzril dolores sadipscing praesent et duo ut. Nulla feugiat sed nonumy erat et lorem vero et.\nNulla dolor accusam vero dolor takimata sit stet. Lorem eos magna te. Ipsum ea amet tation exerci eirmod consequat facer tation vel est labore sit sed accusam praesent esse magna nonumy. Sed lobortis nibh nulla. Dolore vel et et eu illum dolore praesent gubergren diam est illum dolor illum sit duo invidunt. Sed laoreet dolor kasd est elitr diam lorem eros no dolores ea. Lorem placerat lorem clita clita et amet erat.\nDolores nihil ea et et. Amet tempor vero iriure sit labore et diam dolor diam imperdiet rebum aliquyam sea nonumy et. Sed dignissim diam invidunt wisi soluta ipsum ut aliquyam. Minim dolores feugiat facer diam sadipscing sed voluptua luptatum sadipscing kasd.\nEt no sit justo eirmod ipsum ipsum et ea erat lorem suscipit stet takimata ipsum et accumsan accusam invidunt. Gubergren laoreet eos lorem erat et et dolor. Tation et vulputate sea assum eirmod gubergren sanctus no ipsum nisl dolore vulputate rebum dolores diam ut stet et. Kasd sed et sea invidunt voluptua lorem velit elitr lorem ut kasd dolor sed amet imperdiet. Augue at duo sadipscing tincidunt eu eos dolor dolore est nostrud euismod. Consequat diam justo exerci et wisi amet aliquyam accusam kasd eirmod elitr ea nostrud stet. Invidunt rebum duo et invidunt sanctus nonumy ut dolore justo elit lorem takimata qui duo no. Dolor aliquyam sed dolor. Nisl vel iriure sit sed vero erat labore augue et gubergren.\nVero in aliquip sanctus sed duo dolores euismod sit ut dolor eos stet ea autem magna stet et. Vero eu sadipscing nonumy consetetur labore wisi eu laoreet lorem et te nonumy at aliquam vero praesent et dolor. Iriure erat vero ut nostrud no consetetur possim stet amet dolore eleifend amet vero vulputate dolor. Tempor consetetur accusam feugiat et stet nulla sit sadipscing vel dolore dolor accusam sit sanctus et. Sea autem takimata. Te labore laoreet at et et imperdiet eos at ea ut. Enim lorem magna at zzril eirmod esse erat consetetur lorem aliquyam sit ipsum elitr ipsum et. Sea dolor no amet eros diam gubergren rebum ut. Elitr ut eos praesent consequat stet qui sanctus. Vero diam amet magna gubergren facilisis sit at est. Eos eos ipsum aliquyam takimata dolores vel est. Ipsum dolore accusam elit gubergren magna. Amet et volutpat vel et duo invidunt invidunt elitr dolor dolore ea lorem minim ea suscipit. Illum vel ut in lorem. Nobis ut elitr. Ipsum sit dolore feugiat esse accusam. Qui at aliquip sed kasd sanctus.\n","publishDate":"2021-02-06T20:36:46.8794189+00:00"},{"id":11,"title":"Book 11","description":"Accusam stet ex. Qui at justo dolores et kasd duis sed velit. Lorem justo kasd tation et dolore in est et dolor feugait vulputate dolor vero amet consequat.\n","pageCount":1100,"excerpt":"Sed laoreet et ipsum ipsum tempor lobortis ipsum rebum erat stet ad. Gubergren sed erat. Dolor eu invidunt commodo lorem at et feugiat odio nonumy dolore erat.\nNobis eirmod et sit ut takimata dolor accusam accumsan ipsum enim justo augue ex volutpat sea. Gubergren consectetuer erat eirmod. Tempor at at dolor dolores facer diam eos euismod exerci elit clita qui sadipscing justo stet voluptua nonumy wisi. Odio et labore invidunt duis erat rebum clita diam lorem kasd minim dolores. Dolor consetetur tempor eirmod sed magna sadipscing gubergren duis takimata. Amet amet magna nonumy ut dolore consequat lorem duo gubergren dolor diam quod sit. Facilisis ipsum elitr ut duo accusam. Sanctus elitr et. Eirmod lorem et accusam nonumy ut sed. Iriure magna no eos est takimata stet. Lorem kasd erat eirmod tincidunt tempor lorem lorem delenit justo tation. Lorem est iriure dolor ipsum ut te lorem. Luptatum tempor labore kasd sadipscing diam sea duo et diam. Et diam dolor eos sed sanctus justo. Sed enim takimata diam consetetur. Nobis sanctus consequat dolore quod feugiat aliquyam amet sea sit sed ipsum nibh lorem dolor.\nEirmod ea ipsum lorem velit no accusam. Elitr diam no accusam dolore vero kasd diam et sea dolores et vero dolore. Dolores tempor esse facilisis delenit kasd erat justo est et. Duo amet dolor ipsum. Dolor nulla sed consequat nostrud dolore stet diam nibh volutpat at dolor facilisi ipsum at eos sanctus sadipscing.\nDelenit magna et et rebum eirmod est nonumy invidunt takimata labore elitr dignissim. Et elitr rebum amet ipsum amet at dolore tempor ipsum sea voluptua nulla accumsan sea eu kasd. Wisi ut ut dolores eos sed lorem et ad facilisi sed magna et dolore amet amet. Dolore labore euismod. Dignissim placerat ipsum sadipscing consetetur kasd tempor facilisis lorem magna et amet dolore duis ea gubergren nisl. Takimata clita in rebum duo ut adipiscing rebum voluptua. Ut eum at ea est eos gubergren rebum et vero. Nonumy sit sit sit amet amet at sit qui labore vel eum ea voluptua nostrud magna. Eos ea sadipscing no invidunt tation sed molestie sanctus eos. No amet dolor amet erat sed.\nVel eum sanctus justo consetetur stet takimata kasd blandit ipsum. Invidunt ut magna eirmod ullamcorper justo aliquyam ea. Dolore velit stet nonumy erat nobis hendrerit duo consectetuer diam rebum vero imperdiet et eos. Ad sit et sit erat ea. Esse exerci praesent et nisl vel diam diam. Facilisis nonumy est vero et dolores diam in est diam eum erat nonumy. Vero id vel feugiat sadipscing vulputate dolor. Rebum at dolores dolor sit aliquyam justo accusam. Sanctus sit elit ut sea sea ipsum diam ea voluptua.\n","publishDate":"2021-02-05T20:36:46.8794747+00:00"},{"id":12,"title":"Book 12","description":"Velit ipsum sanctus. Takimata sanctus nam gubergren est labore consequat dolor in voluptua minim sea aliquip. Consetetur sadipscing sit tempor et consectetuer eos eirmod tempor et autem commodo. Duo takimata amet accumsan sanctus eirmod amet nonumy eos clita kasd congue eirmod gubergren et velit et. Sed takimata consetetur clita eu sit et nihil nulla. Qui stet justo erat et sanctus invidunt kasd elitr et sadipscing justo dignissim sit possim dolore diam takimata ipsum. Takimata vel accusam erat sea vel blandit takimata sea est est no. Diam ut ipsum facilisi luptatum voluptua et nulla est sed nonummy stet est accusam consetetur eos clita takimata. Consetetur et et est lorem vel accusam sed et aliquyam invidunt invidunt et sit kasd elitr lorem. Eos sea aliquyam accusam nulla erat amet in ut ipsum vero elitr. Nonumy lorem elitr et et clita lorem tempor accusam dolor eos euismod sit duo duis minim. Sadipscing at amet est dolor duo et. Doming stet suscipit no ut duo lorem erat rebum autem eirmod takimata dolor sit magna. Labore dolor augue volutpat gubergren ipsum tempor labore gubergren autem in rebum consequat kasd tation duis at no nonumy. Sadipscing amet dignissim at feugiat zzril ipsum ut no eos qui ipsum congue. Et vel lorem lorem. Sadipscing voluptua et lorem odio. No ex dolore eos tation dolore sadipscing diam nonummy takimata sanctus dolore molestie diam te est nobis stet invidunt.\n","pageCount":1200,"excerpt":"Ea soluta velit et gubergren diam consetetur stet sea dolore amet labore. Et labore amet nihil. Sed nibh tation dolores eirmod. Rebum ut no est accusam hendrerit ipsum stet mazim facilisis quod dolor nihil sanctus duis est lorem at laoreet. Gubergren ipsum sit accusam autem no est stet consetetur magna takimata ipsum nulla. Invidunt id sit diam sed sit nulla. Feugait accusam vel dolore gubergren vulputate nonumy invidunt tincidunt iriure stet nulla takimata. Consectetuer velit tincidunt dolore esse takimata cum eos erat id duo diam et ipsum et no. Eirmod dolor duis tation magna id no sadipscing dolore eos sea. Clita aliquip labore consequat lorem. Veniam aliquyam iriure sit clita clita lorem ea amet ut nulla dignissim invidunt adipiscing et sadipscing vero tincidunt minim. Sit aliquyam aliquam diam diam et autem aliquyam. Diam aliquyam vero ipsum sed clita ipsum hendrerit sadipscing consequat et. At dolor at. Kasd tempor doming no ipsum no vel eirmod. Kasd eos kasd. Dolore lorem dolores takimata sadipscing gubergren nonumy lorem vero sit justo lobortis. Eos eos duis esse sanctus tempor vel velit eu aliquyam amet. Nam iriure et invidunt amet rebum rebum lorem dolore tempor nihil ea feugiat qui illum.\nUt sed diam eos accusam magna eos gubergren consetetur eos at ut. Aliquyam takimata ut ipsum liber. Et labore sanctus nobis aliquip et ea amet amet magna elitr tempor justo. Voluptua est est vero magna ut quis sadipscing. Sanctus diam tempor dolor ex sea lorem ea diam. Invidunt sed erat luptatum nulla in tation voluptua tempor nihil erat justo consequat sea dolore in invidunt dolor dolore.\nQui clita feugait sit vero blandit ea elit esse esse et feugiat. Blandit sed aliquyam sea wisi dolor. Stet vero nonummy ea invidunt eirmod sanctus at sanctus dolores ipsum dolore ut duis. Ut aliquip feugiat dolor accusam nulla facilisi eirmod sea dolor ullamcorper. Sed qui quis et voluptua sadipscing. Facilisi voluptua dolores. Rebum ut accusam no elitr et consectetuer facilisis sea erat ut sanctus consetetur vero wisi dolore vel. Nonumy molestie duo ea elitr eirmod odio sed sit minim rebum amet est sed ex. Et elitr option duo nulla clita sed esse lorem qui est. Ipsum takimata iusto clita amet gubergren magna stet no labore. Justo molestie duis justo accusam sit stet sed sed dolore et vero gubergren aliquyam dolor id et. Et amet eos et sea sea duis sadipscing ex sit odio. Diam luptatum ex diam illum nulla ea eum tempor ut. Erat sed diam aliquam nulla sit magna consetetur et rebum ipsum voluptua ut elitr molestie dolore takimata. Diam amet stet nisl invidunt erat dolores amet amet duo laoreet dolore elitr.\nAliquyam stet diam magna takimata magna. Blandit sanctus ipsum iriure et diam. Justo te et elitr duo consetetur ea vero at voluptua nulla dolor. Stet vel facer sea facer velit sed lorem sed dolores amet duo sadipscing. Amet sanctus suscipit accumsan sanctus sea erat magna accumsan eirmod nonumy invidunt labore commodo sanctus assum minim. Est nulla blandit tempor ut odio est ut duis dolore diam sea duo. Nulla stet justo justo. Invidunt accumsan elitr facer dolore et dolore nonumy sit nam autem autem no. Ea minim clita stet. Dolor duis aliquam lorem option tempor invidunt vel clita ipsum zzril et dolore eirmod amet tempor tation. Sed ut dolor amet praesent eirmod. Lorem sed duis sanctus ipsum aliquyam sit wisi nonumy ipsum velit adipiscing nonumy dolore diam nonummy sed et. Ut vel justo dolore. Eum invidunt delenit odio diam luptatum velit dolores diam diam aliquip sea suscipit voluptua gubergren duo.\nFacer accumsan diam eros voluptua tempor molestie diam eirmod labore nulla lorem consequat erat duo. Feugait augue minim at sed vero feugait eos lorem lorem gubergren erat. Amet eu sanctus lorem ipsum. Tempor minim accusam duo veniam et sit duis liber. Nonummy in odio accusam ut sit tempor eirmod autem dolor dolores. Sanctus et eos sed sea exerci tempor dolore amet lorem lorem dolor magna sea magna nibh lorem sed nonumy. Eirmod aliquyam vel diam tation facilisi enim dolore stet. Ut duo no et te ea.\n","publishDate":"2021-02-04T20:36:46.879588+00:00"},{"id":13,"title":"Book 13","description":"Voluptua exerci et lorem est eos at ipsum voluptua gubergren at vero labore. Takimata molestie diam at aliquyam praesent esse clita diam eirmod nonumy labore duis magna tempor. Dolore sadipscing amet ipsum et dolor est duo voluptua accusam kasd lorem magna elitr sanctus justo illum. Clita nibh amet velit dolores sed eum diam invidunt accusam magna accusam accumsan vel et.\n","pageCount":1300,"excerpt":"Lobortis vero magna est consetetur dolore gubergren ipsum gubergren est molestie eirmod praesent et amet amet. Et eu rebum facilisis takimata facilisi takimata sed veniam commodo molestie diam aliquyam. Et rebum stet magna ea in rebum dolores no invidunt lorem et voluptua erat sit tempor eirmod. Iusto clita tincidunt invidunt lorem ea imperdiet sit ut erat sit dolores voluptua facilisis vel. Exerci quod liber augue ut nonummy. Ipsum volutpat sed diam consequat dolore te sea takimata ad dolor luptatum justo in invidunt. Consectetuer eos duis aliquyam ut amet tincidunt stet sea nostrud commodo ex. Minim no facilisis diam sit diam labore voluptua justo amet dolore congue possim. Odio ea rebum facilisis dolores vulputate et vero velit accusam ex ipsum ipsum elitr lorem dolor eirmod tempor. Magna vero est kasd facer et eleifend erat sit sadipscing erat sit consequat quis takimata sanctus ipsum amet. Rebum sed consetetur hendrerit ut feugait id dolor tempor sed eum accusam sanctus amet tation nulla molestie volutpat ipsum. Nisl vel lorem praesent rebum dolore molestie lorem dolor sit invidunt. Takimata sanctus suscipit stet iusto labore ipsum stet amet vero augue rebum eirmod eirmod eos. Consetetur sanctus elitr facilisi sit accusam consetetur clita at tation consetetur vero accusam dolore delenit sed lorem aliquyam sed. Consequat amet dolor ea rebum consequat consequat diam takimata suscipit nibh te iusto feugiat lorem dolor eirmod ipsum et. Elit aliquyam et sit. Feugiat lorem et erat molestie gubergren nibh tincidunt eos lorem et eirmod elitr eum stet vero duis. Sit aliquyam ipsum et no est dolor lorem takimata diam clita in tincidunt et sanctus. Ex dolore erat diam ipsum congue lorem invidunt ex kasd et no amet lorem.\nLabore vero tempor ea. No nonumy no sed illum. Amet at ea nulla gubergren vel aliquip nonumy sed eum consetetur ipsum dignissim diam et justo ipsum et. Sea dolor et sit aliquip eleifend consequat laoreet in doming sit lorem at wisi autem tempor at. Feugiat stet iriure minim et. Ea sea et illum labore aliquam nonumy sed dolor. Eros sit aliquyam.\nRebum vero sanctus. Sanctus ea dolor ut justo voluptua diam voluptua et ut et consectetuer ad tempor et volutpat aliquyam feugiat invidunt. Ea takimata est dolor diam sea quod takimata rebum lorem dolores eirmod lorem. Molestie ipsum dolor nonumy ipsum exerci eos clita dolores accumsan sed.\nEa sea sed ipsum dignissim eirmod tempor et est feugiat sit erat consetetur nobis et dolore. Duo dolore tincidunt ea et vero ipsum takimata euismod eum takimata ipsum sanctus nulla accumsan et. In lorem diam dolor augue amet velit. Magna eirmod voluptua consetetur tincidunt takimata lorem sit consetetur nisl sit at et amet labore. Eum aliquyam kasd et aliquyam. Delenit est sit amet eos labore. Voluptua nonumy magna sed autem soluta tempor dolor vel dolor dolor elitr volutpat kasd no. Sanctus minim kasd zzril. Dolores erat nulla sanctus accusam magna dolore sit rebum consetetur labore dolore kasd justo. Option laoreet duo ipsum congue at ipsum et nisl in quod accumsan vulputate. Sed et illum ut eirmod at odio facilisi invidunt vero dolore aliquyam. Enim dolor tempor gubergren feugait et laoreet ipsum soluta consetetur ad dolor nonummy dolore dolor sit amet.\nLabore eum vero eos erat nihil eos amet nonummy takimata vulputate lorem. Enim quis amet nostrud ipsum euismod labore eirmod ea erat tation diam dolores amet. Exerci cum sanctus dolores amet dolor sit volutpat dolor zzril dolore magna tempor. Consetetur in et et duo nisl stet invidunt exerci lorem no veniam sadipscing justo ea sit. Dignissim dolore sed tempor sed dolor et vero lorem invidunt sadipscing ipsum dolor et illum zzril dolor. Nisl elitr accumsan. Dolor wisi laoreet amet sanctus no. Ipsum at aliquyam kasd et stet lorem. Exerci dolores nonumy amet dolor dolor ad justo magna kasd. Doming sit elitr lorem feugait sadipscing facer justo. Erat et et amet dolor consectetuer amet no magna facilisis iriure sea illum.\n","publishDate":"2021-02-03T20:36:46.8796569+00:00"},{"id":14,"title":"Book 14","description":"Lorem dolor sit tincidunt dolor ea iriure sed commodo sanctus rebum elitr. Delenit nulla dolores erat sadipscing. Rebum at ut consetetur invidunt aliquyam et nulla magna. Et ut rebum nonumy commodo amet facilisis nulla. Eos ut ut voluptua lorem. Aliquyam no consequat ad sadipscing. Feugiat ea ipsum at aliquyam ipsum sea gubergren. Diam et rebum tempor sit vulputate adipiscing dolor aliquyam aliquam est tempor. Accusam ipsum vero dolores lorem diam voluptua accusam sadipscing amet nonumy gubergren ut sanctus amet clita invidunt voluptua duo. Amet et at nonumy diam nihil amet magna sanctus tempor. Eirmod vero delenit. Duo ut rebum ipsum duis eirmod kasd stet. Et doming et duis duo in consetetur nulla dignissim consequat. Eirmod et eos doming sanctus dolore sed rebum nonumy. Ut cum est clita dolore sed et sed justo ad aliquyam lorem ipsum clita nibh vel autem sit. Sadipscing clita duo vero rebum at vel iriure velit sed volutpat dolor veniam eos eu elitr. Dolore iusto vel. Odio nulla sit et et molestie et. Et gubergren ut amet amet dolor ea et iriure sed dignissim et.\n","pageCount":1400,"excerpt":"Tempor clita vel suscipit zzril consequat accusam amet dolore eos aliquyam esse sed possim. Diam dolores sed diam lorem qui magna clita dolor lorem diam veniam no dolore nonumy. Et et amet in duis. Nisl duo accusam possim ea sea vel lorem rebum diam amet et est eos facilisis rebum. Vel sanctus sea. Sadipscing in et. Hendrerit stet sanctus stet justo. Clita vel eros. Eos et rebum est vero ea ipsum vel stet lorem elitr tempor duis nonumy ipsum lobortis wisi. Elitr amet dolor ipsum ipsum ut feugait nonummy. Invidunt iriure lorem vel et dolor nonumy. Eum ipsum ipsum magna sadipscing aliquyam hendrerit duo lorem. Stet dolor dolores iriure consectetuer vel at sadipscing. Feugiat feugait nisl eos duis clita takimata blandit est accusam accusam voluptua erat hendrerit. Tincidunt takimata dolores ipsum et invidunt est magna at et adipiscing.\nExerci dolore vero takimata. Tempor nihil dolor invidunt at consequat. Ut sit ipsum feugiat luptatum facilisis labore takimata et dolores. Tempor ipsum quis diam voluptua consequat erat dolor et amet consequat consetetur hendrerit ipsum eu ipsum. Elitr qui takimata. Congue dolor dolor accumsan ipsum ea stet kasd dolor quis laoreet facer et dolor. Kasd vel dignissim justo. Eos accusam eum magna justo sit. Et gubergren elitr rebum amet kasd diam at. Duis ex vero dolor dolores suscipit dolor cum kasd erat dignissim sit euismod invidunt erat. Sit lorem no sed ut sit facer sanctus dolore erat sit et doming esse. Amet dolor volutpat dolor magna eum accusam in eirmod blandit diam feugait. Id enim invidunt vero sit hendrerit dolore clita lorem vel te.\nDuo et eirmod nulla. No eos elitr at ad no gubergren. Nibh augue elitr. Nonummy dolor invidunt at erat lorem velit dolore at ipsum nonumy duo eros praesent kasd laoreet est diam voluptua. Et lorem dolore invidunt invidunt justo. Kasd takimata labore stet invidunt dolor veniam sea vero rebum ut et dolores labore stet vulputate sanctus ut sea. Ea dolor iriure eros sit. Possim duo magna justo justo vel erat lorem iriure esse elitr nonumy. Facilisis ea dolor stet sea et et diam assum clita dolore diam dolor ut ipsum ut. Sit at clita eu amet sed dolor lorem amet sit eros dolores hendrerit. Option et dolore erat vel accusam iriure odio takimata clita ut sit et facilisis sadipscing. Eirmod no rebum vero tempor illum sed takimata delenit tempor elitr et dolor clita dolore eos clita esse. Dolore aliquam vulputate erat facilisis iusto et ea. Consetetur lorem vulputate voluptua kasd diam dolor ad ipsum ea et rebum tempor. Consequat dolor rebum rebum sea et erat sit nonumy et sea ea luptatum sit gubergren duo invidunt soluta amet. Adipiscing ea ipsum lorem suscipit.\nConsequat qui consetetur erat blandit vero vel lorem volutpat consequat nulla ut ipsum. Ipsum no sanctus justo enim aliquyam dolor diam ipsum amet et dolore consetetur minim justo adipiscing ipsum sea eirmod. Dolor amet sit dolor diam placerat eos vel velit blandit sea. Sit sanctus labore suscipit sed dolor diam sed sadipscing consetetur dolores diam justo et nulla dolore. Invidunt dolores ut. Magna sed ipsum rebum gubergren erat eos eos et aliquip adipiscing. Dolore diam labore sed adipiscing eum sit dolores sed invidunt esse amet duo takimata. Voluptua diam clita. Amet ut dolor et option magna. Ea duo duo duo sadipscing eros ex tempor sea. Facilisis et et veniam dolores dolores rebum eros dignissim no diam dolor. Dolor et odio augue amet labore veniam exerci iusto dolor diam erat dolore amet zzril dolore diam.\nAmet consectetuer duo dolor sea sea labore sed diam. Sed eos gubergren minim gubergren et labore sed rebum luptatum dolore delenit. Dignissim voluptua consectetuer consequat labore dolores labore. Feugait enim amet ipsum iriure stet et dolor accusam ea exerci odio labore dolor tincidunt erat sit. Aliquyam illum diam rebum clita kasd accusam ipsum autem no at sed consectetuer invidunt lorem kasd lorem diam gubergren. Lorem takimata amet consetetur dolore amet no elitr sed voluptua volutpat cum ipsum kasd. Consequat sanctus amet commodo nonumy dolore sea lorem sea accusam hendrerit ea accusam magna dolores exerci. Justo vero eos eos iriure erat stet stet ut erat elitr aliquam aliquam sed erat tincidunt lorem. Gubergren sea eros. Sed et takimata facilisis placerat.\n","publishDate":"2021-02-02T20:36:46.879748+00:00"},{"id":15,"title":"Book 15","description":"Tation kasd duis velit tincidunt molestie et stet. Sed dolore mazim velit esse ipsum illum autem ipsum magna facilisis suscipit et. Et amet lorem dolore.\n","pageCount":1500,"excerpt":"Ea sit aliquam ipsum gubergren at duo veniam tempor. Takimata est eirmod laoreet sed autem et et labore accumsan dolore illum voluptua kasd nonumy clita diam. Invidunt invidunt accusam tempor consetetur dolor adipiscing sed eos nonumy rebum kasd volutpat et takimata est takimata. Est eros et diam labore eirmod rebum diam elitr ipsum. Sit aliquyam lorem. Dolores euismod labore sed possim consetetur amet consetetur tempor et exerci.\nIpsum dignissim eos est ipsum autem accumsan feugiat dolores gubergren justo accusam nonumy dolor kasd erat dolores dolore. Rebum ullamcorper blandit sea vero sadipscing duo amet accusam vel sit et facer in diam stet eos aliquyam. Elitr ex accumsan sed sit wisi consequat sed amet possim esse et lorem aliquyam soluta sed vel invidunt feugiat. Duis invidunt eirmod qui lorem est suscipit. Lorem ipsum dolor et dolore ipsum diam vero diam.\nEros vero invidunt. Gubergren labore dolores te hendrerit eirmod duis vero dolor at consequat at. Duo sanctus hendrerit ea kasd lorem sed ipsum tempor lorem et sanctus dolore vero. Et dolor sit no et praesent laoreet qui. Dolor justo suscipit molestie takimata sit gubergren. Euismod aliquyam gubergren ut nonumy dolore zzril et sit labore suscipit labore. Est diam rebum nonumy est et diam assum zzril velit veniam lorem voluptua volutpat. Rebum lorem autem justo justo. Aliquyam feugiat amet in aliquyam feugiat est. Veniam labore stet illum sit accumsan et dolor ipsum accusam erat et et gubergren sed eum ea.\nVelit at elitr iusto lorem. Odio ut magna ea et elitr dolor in. Sit eos et justo in dolor dolor qui accusam at clita aliquyam sit. Diam dolor aliquam. Aliquyam wisi sed esse nostrud no lorem erat amet gubergren amet sit et. Kasd velit no sit erat amet sanctus lorem eirmod odio dignissim diam.\nIn diam vero duis vel et accusam voluptua luptatum rebum dolore sea ea. Nulla nibh nulla sadipscing facilisis ipsum. Sed kasd assum. Tincidunt amet diam sed diam dolor. Eos nihil eirmod. Ut dolores duis tempor amet ut vel amet sed et magna no at nonummy dolor tincidunt duo luptatum dolor. Voluptua est nonumy est ea amet magna velit stet feugiat ipsum diam hendrerit. Sed elitr rebum gubergren eros vero hendrerit. Ipsum consequat imperdiet ut dolor eu magna iriure stet et amet dolore ut rebum nonummy doming est dolores. Sit et consetetur dolor sed praesent elitr justo est lorem no vero.\n","publishDate":"2021-02-01T20:36:46.8797916+00:00"},{"id":16,"title":"Book 16","description":"Takimata takimata stet nibh delenit elitr et. Assum qui nulla ipsum. Sit eros dolore blandit est gubergren at eum et lorem duis illum diam dolor sadipscing voluptua consetetur tempor. Commodo sit magna takimata diam justo nostrud vero tempor. Rebum laoreet diam ullamcorper enim dolor diam diam diam dolor sed stet sed sed ipsum laoreet sea sanctus. Eos dolore autem ex dolor magna dolor sed vel diam elit augue invidunt accusam facilisi sanctus. Nonummy no et wisi eum est aliquyam amet amet invidunt vero diam ipsum blandit. Dolore vero dolor takimata dolores voluptua sadipscing invidunt stet congue kasd rebum dolor at dolore.\n","pageCount":1600,"excerpt":"Ut et consetetur elit hendrerit praesent sit te ea dolores. Lorem kasd tempor magna suscipit eos et sanctus takimata duis eirmod eirmod ea eos nulla et consectetuer elitr. Sea hendrerit diam lorem lorem dolor accumsan doming hendrerit sed dolor dolore amet. Stet dolores dolor voluptua magna eos quod in justo esse eirmod autem vulputate feugait dolore. Amet id dolore luptatum nonummy eros tation sea eos ut lorem diam et accusam ipsum dolor aliquam erat eos. At nibh liber justo diam veniam clita kasd. Ut no ea labore nulla dolor nibh amet invidunt zzril tempor takimata consetetur. Eum vero minim lorem lorem iriure suscipit dolor nulla odio tempor liber sanctus. Et voluptua stet. Labore eros invidunt hendrerit labore elitr no congue rebum tation amet ea ipsum magna. Erat sea augue no veniam eirmod minim gubergren sadipscing clita. Dolor no ut ipsum eum kasd sit ipsum mazim duo dolor est. Velit sed qui luptatum dolor augue consetetur invidunt takimata at. Dolore dolor blandit et justo soluta. Elitr takimata dolor amet consectetuer.\nKasd eos dolor labore sea stet sit lorem vero. Et lorem amet clita nibh at voluptua sed labore vero lobortis takimata. Ex sit nonumy diam diam minim lorem sadipscing eros sanctus justo tempor takimata. Vel ad nonummy in sed minim eirmod ipsum consequat nisl lorem dolor vel ea lorem soluta tempor elitr. Dolor sit sadipscing duo. Dolor vero at quis accumsan magna aliquyam eros est diam facilisis sadip
[...]
 facer. Facilisis amet tation. Dolor esse justo duis eu rebum tempor et dolore. Sanctus stet ullamcorper tation commodo magna ut elitr justo clita elitr nisl gubergren gubergren. Sea vero lorem sit sit et dolor amet invidunt et. Duo sanctus sit tincidunt sit. Sit diam eirmod diam amet ipsum magna accusam tempor tempor autem amet dolore nostrud facilisis te et.\nAliquyam magna illum consequat rebum stet tincidunt in eros dolor facilisis dolor in kasd gubergren. Consequat est vel takimata aliquyam ut magna delenit dolore dolor est dolore sadipscing. Et vero at sanctus clita dolor rebum vulputate vero ea quod aliquip et duo elitr eos qui. Esse rebum stet vero gubergren sit elitr accusam et eu et clita sea lorem justo consequat. Dolor eirmod ipsum lorem sea nulla voluptua magna dignissim zzril quod eum stet sed. Labore nam autem nonumy magna et nonumy erat ea diam. Dolore ullamcorper clita sanctus possim clita. Accumsan sit consequat. Duo erat aliquip tempor consetetur nonummy magna ut no clita gubergren ipsum sed. Diam diam dolor amet aliquip gubergren eirmod sea takimata. Invidunt blandit facilisis kasd ut sanctus takimata facer diam illum. Duo diam consetetur sed tempor ipsum ipsum consequat ex lorem eos labore voluptua duo aliquyam liber. Duo vero amet nostrud eos dolor labore eum et et. Soluta clita et et erat magna accusam dolor nulla ipsum vero clita sed sadipscing accumsan. Aliquyam amet iriure kasd sed. Diam et sit takimata augue sit at no eu kasd diam et ipsum assum ut magna. Vero stet et dolor ut kasd rebum est kasd. Consetetur est nulla eum gubergren magna dolores ut eu ullamcorper accusam enim et et delenit accusam.\nDolor sit invidunt eos eu kasd. Ipsum amet eirmod ut clita clita ipsum ea clita. Lorem vero dolores duo elitr delenit. Labore iusto blandit elitr nisl nulla gubergren nam dolor erat dignissim tempor. Accusam vero consectetuer at clita tempor amet sit odio vero justo invidunt stet facer te ipsum erat.\n","publishDate":"2021-02-01T20:36:49.6334206+00:00"}</msg>
<status status="PASS" starttime="20210216 17:36:49.381" endtime="20210216 17:36:49.382"></status>
</kw>
<kw name="Set Test Variable" library="BuiltIn">
<doc>Makes a variable available everywhere within the scope of the current test.</doc>
<arguments>
<arg>${RESPOSTA}</arg>
</arguments>
<msg timestamp="20210216 17:36:49.383" level="INFO">${RESPOSTA} = &lt;Response [200]&gt;</msg>
<status status="PASS" starttime="20210216 17:36:49.382" endtime="20210216 17:36:49.383"></status>
</kw>
<status status="PASS" starttime="20210216 17:36:49.047" endtime="20210216 17:36:49.383"></status>
</kw>
<kw name="Conferir o status" library="ResourcesAPI">
<arguments>
<arg>200</arg>
</arguments>
<kw name="Should Be Equal As Strings" library="BuiltIn">
<doc>Fails if objects are unequal after converting them to strings.</doc>
<arguments>
<arg>${RESPOSTA.status_code}</arg>
<arg>${STATUS_ESPERADO}</arg>
</arguments>
<msg timestamp="20210216 17:36:49.385" level="INFO">Argument types are:
&lt;class 'int'&gt;
&lt;type 'unicode'&gt;</msg>
<status status="PASS" starttime="20210216 17:36:49.384" endtime="20210216 17:36:49.385"></status>
</kw>
<status status="PASS" starttime="20210216 17:36:49.384" endtime="20210216 17:36:49.385"></status>
</kw>
<kw name="Conferir o reason" library="ResourcesAPI">
<arguments>
<arg>OK</arg>
</arguments>
<kw name="Should Be Equal As Strings" library="BuiltIn">
<doc>Fails if objects are unequal after converting them to strings.</doc>
<arguments>
<arg>${RESPOSTA.reason}</arg>
<arg>${REASON_ESPERADO}</arg>
</arguments>
<status status="PASS" starttime="20210216 17:36:49.385" endtime="20210216 17:36:49.386"></status>
</kw>
<status status="PASS" starttime="20210216 17:36:49.385" endtime="20210216 17:36:49.386"></status>
</kw>
<kw name="Conferir se a descrição não está vazia" library="ResourcesAPI">
<kw name="Dictionary Should Contain Item" library="Collections">
<doc>An item of ``key`` / ``value`` must be found in a ``dictionary``.</doc>
<arguments>
<arg>${RESPOSTA.json()}</arg>
<arg>id</arg>
<arg>${BOOK_15.id}</arg>
</arguments>
<status status="PASS" starttime="20210216 17:36:49.387" endtime="20210216 17:36:49.387"></status>
</kw>
<kw name="Dictionary Should Contain Item" library="Collections">
<doc>An item of ``key`` / ``value`` must be found in a ``dictionary``.</doc>
<arguments>
<arg>${RESPOSTA.json()}</arg>
<arg>title</arg>
<arg>${BOOK_15.title}</arg>
</arguments>
<status status="PASS" starttime="20210216 17:36:49.388" endtime="20210216 17:36:49.388"></status>
</kw>
<kw name="Dictionary Should Contain Item" library="Collections">
<doc>An item of ``key`` / ``value`` must be found in a ``dictionary``.</doc>
<arguments>
<arg>${RESPOSTA.json()}</arg>
<arg>pageCount</arg>
<arg>${BOOK_15.pageCount}</arg>
</arguments>
<status status="PASS" starttime="20210216 17:36:49.388" endtime="20210216 17:36:49.389"></status>
</kw>
<kw name="Should Not Be Empty" library="BuiltIn">
<doc>Verifies that the given item is not empty.</doc>
<arguments>
<arg>${RESPOSTA.json()["description"]}</arg>
</arguments>
<msg timestamp="20210216 17:36:49.389" level="INFO">Length is 668</msg>
<status status="PASS" starttime="20210216 17:36:49.389" endtime="20210216 17:36:49.389"></status>
</kw>
<kw name="Should Not Be Empty" library="BuiltIn">
<doc>Verifies that the given item is not empty.</doc>
<arguments>
<arg>${RESPOSTA.json()["excerpt"]}</arg>
</arguments>
<msg timestamp="20210216 17:36:49.390" level="INFO">Length is 4605</msg>
<status status="PASS" starttime="20210216 17:36:49.389" endtime="20210216 17:36:49.390"></status>
</kw>
<kw name="Should Not Be Empty" library="BuiltIn">
<doc>Verifies that the given item is not empty.</doc>
<arguments>
<arg>${RESPOSTA.json()["publishDate"]}</arg>
</arguments>
<msg timestamp="20210216 17:36:49.391" level="INFO">Length is 33</msg>
<status status="PASS" starttime="20210216 17:36:49.390" endtime="20210216 17:36:49.391"></status>
</kw>
<status status="PASS" starttime="20210216 17:36:49.386" endtime="20210216 17:36:49.391"></status>
</kw>
<status status="PASS" starttime="20210216 17:36:49.046" endtime="20210216 17:36:49.392" critical="yes"></status>
</test>
<test id="s1-t3" name="Cadastrar um novo livro">
<kw name="Cadastrar um novo livro" library="ResourcesAPI">
<kw name="Post On Session" library="RequestsLibrary">
<doc>Sends a POST request on a previously created HTTP Session.</doc>
<arguments>
<arg>fakeAPI</arg>
<arg>Books</arg>
<arg>data={"id": ${BOOK_3000.id},"title": "${BOOK_3000.title}", "description": "${BOOK_3000.description}","pageCount": ${BOOK_3000.pageCount}, "excerpt": "${BOOK_3000.excerpt}","publishDate": "${BOOK_3000.publishDate}"}</arg>
<arg>headers=${HEADERS}</arg>
</arguments>
<assign>
<var>${RESPOSTA}</var>
</assign>
<msg timestamp="20210216 17:36:49.693" level="INFO">POST Request : url=https://fakerestapi.azurewebsites.net/api/v1/Books 
 path_url=/api/v1/Books 
 headers={'User-Agent': 'python-requests/2.25.1', 'Accept-Encoding': 'gzip, deflate', 'Accept': '*/*', 'Connection': 'keep-alive', 'content-type': 'application/json', 'Content-Length': '149'} 
 body={"id": 3000,"title": "Testes", "description": "Testando Testes","pageCount": 200, "excerpt": "testesteste","publishDate": "2021-02-16T18:29:51.344Z"} 
 </msg>
<msg timestamp="20210216 17:36:49.693" level="INFO">POST Response : url=https://fakerestapi.azurewebsites.net/api/v1/Books 
 status=200, reason=OK 
 headers={'Transfer-Encoding': 'chunked', 'Content-Type': 'application/json; charset=utf-8; v=1.0', 'Server': 'Kestrel', 'api-supported-versions': '1.0', 'Date': 'Tue, 16 Feb 2021 20:36:49 GMT'} 
 body={"id":3000,"title":"Testes","description":"Testando Testes","pageCount":200,"excerpt":"testesteste","publishDate":"2021-02-16T18:29:51.344Z"} 
 </msg>
<msg timestamp="20210216 17:36:49.693" level="INFO">c:\users\patri\appdata\local\programs\python\python39\lib\site-packages\urllib3\connectionpool.py:1013: InsecureRequestWarning: Unverified HTTPS request is being made to host 'fakerestapi.azurewebsites.net'. Adding certificate verification is strongly advised. See: https://urllib3.readthedocs.io/en/latest/advanced-usage.html#ssl-warnings
  warnings.warn(</msg>
<msg timestamp="20210216 17:36:49.726" level="INFO">${RESPOSTA} = &lt;Response [200]&gt;</msg>
<status status="PASS" starttime="20210216 17:36:49.396" endtime="20210216 17:36:49.726"></status>
</kw>
<kw name="Log" library="BuiltIn">
<doc>Logs the given message with the given level.</doc>
<arguments>
<arg>${RESPOSTA.text}</arg>
</arguments>
<msg timestamp="20210216 17:36:49.729" level="INFO">{"id":3000,"title":"Testes","description":"Testando Testes","pageCount":200,"excerpt":"testesteste","publishDate":"2021-02-16T18:29:51.344Z"}</msg>
<status status="PASS" starttime="20210216 17:36:49.727" endtime="20210216 17:36:49.729"></status>
</kw>
<kw name="Set Test Variable" library="BuiltIn">
<doc>Makes a variable available everywhere within the scope of the current test.</doc>
<arguments>
<arg>${RESPOSTA}</arg>
</arguments>
<msg timestamp="20210216 17:36:49.730" level="INFO">${RESPOSTA} = &lt;Response [200]&gt;</msg>
<status status="PASS" starttime="20210216 17:36:49.729" endtime="20210216 17:36:49.731"></status>
</kw>
<status status="PASS" starttime="20210216 17:36:49.395" endtime="20210216 17:36:49.732"></status>
</kw>
<kw name="Conferir se retorna todos os dados cadastrados do livro &quot;3000&quot;" library="ResourcesAPI">
<kw name="Conferir dados do livro" library="ResourcesAPI">
<arguments>
<arg>"${ID_LIVRO}"</arg>
</arguments>
<kw name="Dictionary Should Contain Item" library="Collections">
<doc>An item of ``key`` / ``value`` must be found in a ``dictionary``.</doc>
<arguments>
<arg>${RESPOSTA.json()}</arg>
<arg>id</arg>
<arg>${BOOK_3000.id}</arg>
</arguments>
<status status="PASS" starttime="20210216 17:36:49.737" endtime="20210216 17:36:49.738"></status>
</kw>
<kw name="Dictionary Should Contain Item" library="Collections">
<doc>An item of ``key`` / ``value`` must be found in a ``dictionary``.</doc>
<arguments>
<arg>${RESPOSTA.json()}</arg>
<arg>title</arg>
<arg>${BOOK_3000.title}</arg>
</arguments>
<status status="PASS" starttime="20210216 17:36:49.738" endtime="20210216 17:36:49.739"></status>
</kw>
<kw name="Dictionary Should Contain Item" library="Collections">
<doc>An item of ``key`` / ``value`` must be found in a ``dictionary``.</doc>
<arguments>
<arg>${RESPOSTA.json()}</arg>
<arg>description</arg>
<arg>${BOOK_3000.description}</arg>
</arguments>
<status status="PASS" starttime="20210216 17:36:49.739" endtime="20210216 17:36:49.739"></status>
</kw>
<kw name="Dictionary Should Contain Item" library="Collections">
<doc>An item of ``key`` / ``value`` must be found in a ``dictionary``.</doc>
<arguments>
<arg>${RESPOSTA.json()}</arg>
<arg>pageCount</arg>
<arg>${BOOK_3000.pageCount}</arg>
</arguments>
<status status="PASS" starttime="20210216 17:36:49.739" endtime="20210216 17:36:49.740"></status>
</kw>
<kw name="Dictionary Should Contain Item" library="Collections">
<doc>An item of ``key`` / ``value`` must be found in a ``dictionary``.</doc>
<arguments>
<arg>${RESPOSTA.json()}</arg>
<arg>excerpt</arg>
<arg>${BOOK_3000.excerpt}</arg>
</arguments>
<status status="PASS" starttime="20210216 17:36:49.740" endtime="20210216 17:36:49.740"></status>
</kw>
<kw name="Dictionary Should Contain Item" library="Collections">
<doc>An item of ``key`` / ``value`` must be found in a ``dictionary``.</doc>
<arguments>
<arg>${RESPOSTA.json()}</arg>
<arg>publishDate</arg>
<arg>${BOOK_3000.publishDate}</arg>
</arguments>
<status status="PASS" starttime="20210216 17:36:49.740" endtime="20210216 17:36:49.741"></status>
</kw>
<status status="PASS" starttime="20210216 17:36:49.736" endtime="20210216 17:36:49.741"></status>
</kw>
<status status="PASS" starttime="20210216 17:36:49.734" endtime="20210216 17:36:49.741"></status>
</kw>
<status status="PASS" starttime="20210216 17:36:49.394" endtime="20210216 17:36:49.744" critical="yes"></status>
</test>
<test id="s1-t4" name="Alterar um livro específico">
<kw name="Alterar o livro &quot;3000&quot;" library="ResourcesAPI">
<kw name="Put On Session" library="RequestsLibrary">
<doc>Sends a PUT request on a previously created HTTP Session.</doc>
<arguments>
<arg>fakeAPI</arg>
<arg>Books/${ID_LIVRO}</arg>
<arg>data={"id": ${BOOK_3000.id},"title": "${BOOK_3000_EDIT.title}", "description": "${BOOK_3000_EDIT.description}","pageCount": ${BOOK_3000.pageCount}, "excerpt": "${BOOK_3000.excerpt}", "publishDate": "${BOOK_3000.publishDate}"}</arg>
<arg>headers=${HEADERS}</arg>
</arguments>
<assign>
<var>${RESPOSTA}</var>
</assign>
<msg timestamp="20210216 17:36:49.973" level="INFO">PUT Request : url=https://fakerestapi.azurewebsites.net/api/v1/Books/3000 
 path_url=/api/v1/Books/3000 
 headers={'User-Agent': 'python-requests/2.25.1', 'Accept-Encoding': 'gzip, deflate', 'Accept': '*/*', 'Connection': 'keep-alive', 'content-type': 'application/json', 'Content-Length': '173'} 
 body={"id": 3000,"title": "Livro dos Testes Testados", "description": "Mudando a descricao","pageCount": 200, "excerpt": "testesteste", "publishDate": "2021-02-16T18:29:51.344Z"} 
 </msg>
<msg timestamp="20210216 17:36:49.973" level="INFO">PUT Response : url=https://fakerestapi.azurewebsites.net/api/v1/Books/3000 
 status=200, reason=OK 
 headers={'Transfer-Encoding': 'chunked', 'Content-Type': 'application/json; charset=utf-8; v=1.0', 'Server': 'Kestrel', 'api-supported-versions': '1.0', 'Date': 'Tue, 16 Feb 2021 20:36:49 GMT'} 
 body={"id":3000,"title":"Livro dos Testes Testados","description":"Mudando a descricao","pageCount":200,"excerpt":"testesteste","publishDate":"2021-02-16T18:29:51.344Z"} 
 </msg>
<msg timestamp="20210216 17:36:49.973" level="INFO">c:\users\patri\appdata\local\programs\python\python39\lib\site-packages\urllib3\connectionpool.py:1013: InsecureRequestWarning: Unverified HTTPS request is being made to host 'fakerestapi.azurewebsites.net'. Adding certificate verification is strongly advised. See: https://urllib3.readthedocs.io/en/latest/advanced-usage.html#ssl-warnings
  warnings.warn(</msg>
<msg timestamp="20210216 17:36:50.013" level="INFO">${RESPOSTA} = &lt;Response [200]&gt;</msg>
<status status="PASS" starttime="20210216 17:36:49.747" endtime="20210216 17:36:50.013"></status>
</kw>
<kw name="Log" library="BuiltIn">
<doc>Logs the given message with the given level.</doc>
<arguments>
<arg>${RESPOSTA.text}</arg>
</arguments>
<msg timestamp="20210216 17:36:50.014" level="INFO">{"id":3000,"title":"Livro dos Testes Testados","description":"Mudando a descricao","pageCount":200,"excerpt":"testesteste","publishDate":"2021-02-16T18:29:51.344Z"}</msg>
<status status="PASS" starttime="20210216 17:36:50.014" endtime="20210216 17:36:50.015"></status>
</kw>
<kw name="Set Test Variable" library="BuiltIn">
<doc>Makes a variable available everywhere within the scope of the current test.</doc>
<arguments>
<arg>${RESPOSTA}</arg>
</arguments>
<msg timestamp="20210216 17:36:50.015" level="INFO">${RESPOSTA} = &lt;Response [200]&gt;</msg>
<status status="PASS" starttime="20210216 17:36:50.015" endtime="20210216 17:36:50.015"></status>
</kw>
<status status="PASS" starttime="20210216 17:36:49.747" endtime="20210216 17:36:50.016"></status>
</kw>
<kw name="Conferir se retorna todos os dados que foram alterados do livro &quot;3000&quot;" library="ResourcesAPI">
<kw name="Conferir dados do livro editados" library="ResourcesAPI">
<arguments>
<arg>"${ID_LIVRO}"</arg>
</arguments>
<kw name="Dictionary Should Contain Item" library="Collections">
<doc>An item of ``key`` / ``value`` must be found in a ``dictionary``.</doc>
<arguments>
<arg>${RESPOSTA.json()}</arg>
<arg>title</arg>
<arg>${BOOK_3000_EDIT.title}</arg>
</arguments>
<status status="PASS" starttime="20210216 17:36:50.018" endtime="20210216 17:36:50.018"></status>
</kw>
<kw name="Dictionary Should Contain Item" library="Collections">
<doc>An item of ``key`` / ``value`` must be found in a ``dictionary``.</doc>
<arguments>
<arg>${RESPOSTA.json()}</arg>
<arg>description</arg>
<arg>${BOOK_3000_EDIT.description}</arg>
</arguments>
<status status="PASS" starttime="20210216 17:36:50.019" endtime="20210216 17:36:50.019"></status>
</kw>
<status status="PASS" starttime="20210216 17:36:50.017" endtime="20210216 17:36:50.020"></status>
</kw>
<status status="PASS" starttime="20210216 17:36:50.016" endtime="20210216 17:36:50.020"></status>
</kw>
<status status="PASS" starttime="20210216 17:36:49.746" endtime="20210216 17:36:50.020" critical="yes"></status>
</test>
<test id="s1-t5" name="Deletar um livro específico">
<kw name="Deletar o livro &quot;3000&quot;" library="ResourcesAPI">
<kw name="Delete On Session" library="RequestsLibrary">
<doc>Sends a DELETE request on a previously created HTTP Session.</doc>
<arguments>
<arg>fakeAPI</arg>
<arg>Books/${ID_LIVRO}</arg>
</arguments>
<assign>
<var>${RESPOSTA}</var>
</assign>
<msg timestamp="20210216 17:36:50.271" level="INFO">DELETE Request : url=https://fakerestapi.azurewebsites.net/api/v1/Books/3000 
 path_url=/api/v1/Books/3000 
 headers={'User-Agent': 'python-requests/2.25.1', 'Accept-Encoding': 'gzip, deflate', 'Accept': '*/*', 'Connection': 'keep-alive', 'Content-Length': '0'} 
 body=None 
 </msg>
<msg timestamp="20210216 17:36:50.271" level="INFO">DELETE Response : url=https://fakerestapi.azurewebsites.net/api/v1/Books/3000 
 status=200, reason=OK 
 headers={'Server': 'Kestrel', 'api-supported-versions': '1.0', 'Date': 'Tue, 16 Feb 2021 20:36:49 GMT', 'Content-Length': '0'} 
 body=None 
 </msg>
<msg timestamp="20210216 17:36:50.271" level="INFO">c:\users\patri\appdata\local\programs\python\python39\lib\site-packages\urllib3\connectionpool.py:1013: InsecureRequestWarning: Unverified HTTPS request is being made to host 'fakerestapi.azurewebsites.net'. Adding certificate verification is strongly advised. See: https://urllib3.readthedocs.io/en/latest/advanced-usage.html#ssl-warnings
  warnings.warn(</msg>
<msg timestamp="20210216 17:36:50.313" level="INFO">${RESPOSTA} = &lt;Response [200]&gt;</msg>
<status status="PASS" starttime="20210216 17:36:50.029" endtime="20210216 17:36:50.313"></status>
</kw>
<kw name="Log" library="BuiltIn">
<doc>Logs the given message with the given level.</doc>
<arguments>
<arg>${RESPOSTA.text}</arg>
</arguments>
<msg timestamp="20210216 17:36:50.314" level="INFO"></msg>
<status status="PASS" starttime="20210216 17:36:50.313" endtime="20210216 17:36:50.315"></status>
</kw>
<kw name="Set Test Variable" library="BuiltIn">
<doc>Makes a variable available everywhere within the scope of the current test.</doc>
<arguments>
<arg>${RESPOSTA}</arg>
</arguments>
<msg timestamp="20210216 17:36:50.316" level="INFO">${RESPOSTA} = &lt;Response [200]&gt;</msg>
<status status="PASS" starttime="20210216 17:36:50.315" endtime="20210216 17:36:50.316"></status>
</kw>
<status status="PASS" starttime="20210216 17:36:50.028" endtime="20210216 17:36:50.317"></status>
</kw>
<kw name="Conferir se deleta o livro &quot;3000&quot;" library="ResourcesAPI">
<kw name="Should Be Empty" library="BuiltIn">
<doc>Verifies that the given item is empty.</doc>
<arguments>
<arg>${RESPOSTA.content}</arg>
</arguments>
<msg timestamp="20210216 17:36:50.318" level="INFO">Length is 0</msg>
<status status="PASS" starttime="20210216 17:36:50.318" endtime="20210216 17:36:50.319"></status>
</kw>
<status status="PASS" starttime="20210216 17:36:50.317" endtime="20210216 17:36:50.319"></status>
</kw>
<status status="PASS" starttime="20210216 17:36:50.027" endtime="20210216 17:36:50.319" critical="yes"></status>
</test>
<doc>Documentação da API: https://fakerestapi.azurewebsites.net/api/v1/Books</doc>
<status status="PASS" starttime="20210216 17:36:44.652" endtime="20210216 17:36:50.329"></status>
</suite>
<statistics>
<total>
<stat pass="5" fail="0">Critical Tests</stat>
<stat pass="5" fail="0">All Tests</stat>
</total>
<tag>
</tag>
<suite>
<stat pass="5" fail="0" id="s1" name="BooksTestCaseAPI">BooksTestCaseAPI</stat>
</suite>
</statistics>
<errors>
</errors>
</robot>
